[2015.11.21-14.29.15:858][  0]Log file open, 11/21/15 09:29:15
[2015.11.21-14.29.15:858][  0]LogInit:Display: Running engine for game: Group_playground
[2015.11.21-14.29.15:858][  0]LogInit:Display: RandInit(-1413018522) SRandInit(-1413018522).
[2015.11.21-14.29.15:858][  0]LogTaskGraph: Started task graph with 4 named threads and 7 total threads.
[2015.11.21-14.29.15:858][  0]LogStats: Stats thread started at 0.217890
[2015.11.21-14.29.15:858][  0]LogInit: Version: 4.9.2-2707645+++depot+UE4-Releases+4.9
[2015.11.21-14.29.15:858][  0]LogInit: API Version: 2672455
[2015.11.21-14.29.15:858][  0]LogInit: Compiled (64-bit): Sep 28 2015 10:25:44
[2015.11.21-14.29.15:858][  0]LogInit: Compiled with Visual C++: 18.00.21005.01
[2015.11.21-14.29.15:858][  0]LogInit: Build Configuration: Development
[2015.11.21-14.29.15:858][  0]LogInit: Branch Name: ++depot+UE4-Releases+4.9
[2015.11.21-14.29.15:858][  0]LogInit: Command line: 
[2015.11.21-14.29.15:858][  0]LogInit: Base directory: C:/Program Files/Epic Games/4.9/Engine/Binaries/Win64/
[2015.11.21-14.29.15:858][  0]LogInit: Rocket: 1
[2015.11.21-14.29.15:887][  0]LogInit: Using libcurl 7.41.0
[2015.11.21-14.29.15:887][  0]LogInit:  - built for x86_64-pc-win32
[2015.11.21-14.29.15:887][  0]LogInit:  - supports SSL with WinSSL
[2015.11.21-14.29.15:887][  0]LogInit:  - other features:
[2015.11.21-14.29.15:887][  0]LogInit:      CURL_VERSION_SSL
[2015.11.21-14.29.15:887][  0]LogInit:      CURL_VERSION_IPV6
[2015.11.21-14.29.15:887][  0]LogInit:      CURL_VERSION_ASYNCHDNS
[2015.11.21-14.29.15:887][  0]LogInit:      CURL_VERSION_LARGEFILE
[2015.11.21-14.29.15:887][  0]LogInit:      CURL_VERSION_IDN
[2015.11.21-14.29.15:888][  0]LogInit:  CurlRequestOptions (configurable via config and command line):
[2015.11.21-14.29.15:888][  0]LogInit:  - bVerifyPeer = true  - Libcurl will verify peer certificate
[2015.11.21-14.29.15:888][  0]LogInit:  - bUseHttpProxy = false  - Libcurl will NOT use HTTP proxy
[2015.11.21-14.29.15:888][  0]LogInit:  - bDontReuseConnections = false  - Libcurl will reuse connections
[2015.11.21-14.29.15:888][  0]LogInit:  - CertBundlePath = nullptr  - Libcurl will use whatever was configured at build time.
[2015.11.21-14.29.15:913][  0]LogInit: Presizing for 0 objects not considered by GC, pre-allocating 0 bytes.
[2015.11.21-14.29.15:933][  0]LogInit: Object subsystem initialized
[2015.11.21-14.29.15:940][  0]LogInit: Selected Device Profile: [Windows]
[2015.11.21-14.29.15:940][  0]LogInit: Applying CVar settings loaded from the selected device profile: [Windows]
[2015.11.21-14.29.15:963][  0]LogInit: Computer: ADAM_HP_WIN8
[2015.11.21-14.29.15:963][  0]LogInit: User: adam
[2015.11.21-14.29.15:963][  0]LogInit: CPU Page size=4096, Cores=4
[2015.11.21-14.29.15:963][  0]LogInit: High frequency timer resolution =2.436857 MHz
[2015.11.21-14.29.15:964][  0]LogMemory: Memory total: Physical=7.2GB (8GB approx)
[2015.11.21-14.29.15:964][  0]LogMemory: Platform Memory Stats for Windows
[2015.11.21-14.29.15:964][  0]LogMemory: Process Physical Memory: 53.65 MB used, 53.65 MB peak
[2015.11.21-14.29.15:964][  0]LogMemory: Process Virtual Memory: 57.25 MB used, 57.25 MB peak
[2015.11.21-14.29.15:964][  0]LogMemory: Physical Memory: 4461.62 MB used, 7366.26 MB total
[2015.11.21-14.29.15:964][  0]LogMemory: Virtual Memory: 367.16 MB used, 134217728.00 MB total
[2015.11.21-14.29.16:063][  0]LogTextLocalizationManager: No specific translations for ('en-US') exist, so ('en') translations will be used.
[2015.11.21-14.29.18:575][  0]LogD3D11RHI: Found D3D11 adapter 0: AMD Radeon HD 8650G (Feature Level 11_0)
[2015.11.21-14.29.18:575][  0]LogD3D11RHI: Adapter has 736MB of dedicated video memory, 0MB of dedicated system memory, and 3456MB of shared system memory, 1 output[s]
[2015.11.21-14.29.18:579][  0]LogD3D11RHI: Found D3D11 adapter 1: Microsoft Basic Render Driver (Feature Level 11_0)
[2015.11.21-14.29.18:579][  0]LogD3D11RHI: Adapter has 0MB of dedicated video memory, 0MB of dedicated system memory, and 3683MB of shared system memory, 0 output[s]
[2015.11.21-14.29.18:579][  0]LogD3D11RHI: Chosen D3D11 Adapter Id = 0
[2015.11.21-14.29.18:597][  0]LogD3D11RHI: !Direct3DDevice
[2015.11.21-14.29.18:597][  0]LogRHI: Texture pool is 515 MB (70% of 736 MB)
[2015.11.21-14.29.18:614][  0]LogD3D11RHI: Async texture creation disabled: no driver support
[2015.11.21-14.29.18:633][  0]LogShaderCompilers: Guid format shader working directory is 15 characters bigger than the processId version (../../../../../../Users/adam/Desktop/UnrealEngineProject/UnrealEngine/Group_playground/Intermediate/Shaders/WorkingDirectory/9116/).
[2015.11.21-14.29.18:634][  0]LogShaderCompilers: Cleaned the shader compiler working directory '../../../../../../Users/adam/Desktop/UnrealEngineProject/UnrealEngine/Group_playground/Intermediate/Shaders/tmp/EA9B7CBA42A5B7F717F972BCD653775E/'.
[2015.11.21-14.29.18:634][  0]LogShaderCompilers:Display: Using Local Shader Compiler.
[2015.11.21-14.29.21:835][  0]LogTemp:Display: Loaded TP AllDesktopTargetPlatform
[2015.11.21-14.29.21:849][  0]LogTemp:Display: Loaded TP WindowsClientTargetPlatform
[2015.11.21-14.29.21:868][  0]LogTemp:Display: Loaded TP WindowsNoEditorTargetPlatform
[2015.11.21-14.29.21:888][  0]LogTemp:Display: Loaded TP WindowsServerTargetPlatform
[2015.11.21-14.29.21:905][  0]LogTemp:Display: Loaded TP WindowsTargetPlatform
[2015.11.21-14.29.21:923][  0]LogTemp:Display: Loaded TP AndroidTargetPlatform
[2015.11.21-14.29.21:936][  0]LogTemp:Display: Loaded TP Android_ASTCTargetPlatform
[2015.11.21-14.29.21:951][  0]LogTemp:Display: Loaded TP Android_ATCTargetPlatform
[2015.11.21-14.29.21:963][  0]LogTemp:Display: Loaded TP Android_DXTTargetPlatform
[2015.11.21-14.29.21:980][  0]LogTemp:Display: Loaded TP Android_ETC1TargetPlatform
[2015.11.21-14.29.21:990][  0]LogTemp:Display: Loaded TP Android_ETC2TargetPlatform
[2015.11.21-14.29.21:998][  0]LogTemp:Display: Loaded TP Android_PVRTCTargetPlatform
[2015.11.21-14.29.22:000][  0]LogTemp:Display: Loaded TP HTML5TargetPlatform
[2015.11.21-14.29.22:030][  0]LogTemp:Display: Loaded TP IOSTargetPlatform
[2015.11.21-14.29.22:039][  0]LogTemp:Display: Loaded TP LinuxNoEditorTargetPlatform
[2015.11.21-14.29.22:050][  0]LogTemp:Display: Loaded TP LinuxServerTargetPlatform
[2015.11.21-14.29.22:061][  0]LogTemp:Display: Loaded TP LinuxTargetPlatform
[2015.11.21-14.29.22:061][  0]LogTargetPlatformManager:Display: Building Assets For Windows
[2015.11.21-14.29.22:346][  0]LogDerivedDataCache:Display: Max Cache Size: 512 MB
[2015.11.21-14.29.22:537][  0]LogDerivedDataCache: Loaded boot cache 0.19s 41MB C:/Users/adam/AppData/Local/UnrealEngine/4.9/DerivedDataCache/Boot.ddc.
[2015.11.21-14.29.22:537][  0]LogDerivedDataCache:Display: Loaded Boot cache: C:/Users/adam/AppData/Local/UnrealEngine/4.9/DerivedDataCache/Boot.ddc
[2015.11.21-14.29.22:538][  0]LogDerivedDataCache: FDerivedDataBackendGraph:  Pak pak cache file ../../../../../../Users/adam/Desktop/UnrealEngineProject/UnrealEngine/Group_playground/DerivedDataCache/DDC.ddp not found, will not use a pak cache.
[2015.11.21-14.29.22:538][  0]LogDerivedDataCache: Unable to find inner node Pak for hierarchical cache Hierarchy.
[2015.11.21-14.29.22:538][  0]LogDerivedDataCache: FDerivedDataBackendGraph:  CompressedPak pak cache file ../../../../../../Users/adam/Desktop/UnrealEngineProject/UnrealEngine/Group_playground/DerivedDataCache/Compressed.ddp not found, will not use a pak cache.
[2015.11.21-14.29.22:538][  0]LogDerivedDataCache: Unable to find inner node CompressedPak for hierarchical cache Hierarchy.
[2015.11.21-14.29.23:009][  0]LogDerivedDataCache:Display: Pak cache opened for reading ../../../Engine/DerivedDataCache/Compressed.ddp.
[2015.11.21-14.29.23:023][  0]LogDerivedDataCache: Using Local data cache path C:/Users/adam/AppData/Local/UnrealEngine/Common/DerivedDataCache: Writable
[2015.11.21-14.29.23:527][  0]LogInit: Selected Device Profile: [Windows]
[2015.11.21-14.29.23:533][  0]LogContentStreaming: Texture pool size is 0.000000MB
[2015.11.21-14.29.23:957][  0]LogMeshUtilities: No automatic mesh reduction module available
[2015.11.21-14.29.23:957][  0]LogMeshUtilities: No automatic mesh merging module available
[2015.11.21-14.29.24:721][  0]LogInit: WinSock: version 1.1 (2.2), MaxSocks=32767, MaxUdp=65467
[2015.11.21-14.29.26:766][  0]UdpMessaging: Initializing bridge on interface 0.0.0.0:0 to multicast group 230.0.0.1:6666.
[2015.11.21-14.29.26:968][  0]LogAssetRegistry: FAssetRegistry took 0.0113 seconds to start up
[2015.11.21-14.29.27:487][  0]SourceControl: Info Source control is disabled
[2015.11.21-14.29.27:540][  0]SourceControl: Info Source control is disabled
[2015.11.21-14.29.27:573][  0]SourceControl: Info Source control is disabled
[2015.11.21-14.29.27:607][  0]SourceControl: Info Source control is disabled
[2015.11.21-14.29.28:077][  0]LogLinker:Warning: Asset '../../../Engine/Plugins/Runtime/LeapMotionController/Content/LM_PassthroughMaterial.uasset' has been saved with empty engine version. The asset will be loaded but may be incompatible.
[2015.11.21-14.29.28:439][  0]LogObj: 28361 objects as part of root set at end of initial load.
[2015.11.21-14.29.28:439][  0]LogUObjectAllocator: 6038872 out of 0 bytes used by permanent object pool.
[2015.11.21-14.29.28:581][  0]LogEngine: Initializing Engine...
[2015.11.21-14.29.28:591][  0]LogHMD: Can't find Oculus library dev build: is proper Runtime installed? Version: 0.7.0.0
[2015.11.21-14.29.28:593][  0]LogHMD: SteamVR failed to initialize.  Err: 110
[2015.11.21-14.29.28:984][  0]LogAIModule: Creating AISystem for world NewWorld
[2015.11.21-14.29.28:994][  0]LogInit: XAudio2 using 'Speaker/HP (Realtek High Definition Audio)' : 2 channels at 48 kHz using 32 bits per sample (channel mask 0x3)
[2015.11.21-14.29.29:164][  0]LogInit: FAudioDevice initialized.
[2015.11.21-14.29.29:254][  0]LogDerivedDataCache: Saved boot cache 0.09s 41MB C:/Users/adam/AppData/Local/UnrealEngine/4.9/DerivedDataCache/Boot.ddc.
[2015.11.21-14.29.29:272][  0]LogInit: Texture streaming: Enabled
[2015.11.21-14.29.29:286][  0]LogAnalytics: Creating configured Analytics provider AnalyticsET
[2015.11.21-14.29.29:286][  0]LogAnalytics: [UEEditor.Rocket.Release] APIServer = http://et2.epicgames.com/ET2/. AppVersion = 4.9.2-2707645+++depot+UE4-Releases+4.9
[2015.11.21-14.29.29:287][  0]LogAnalytics: [UEEditor.Rocket.Release] SetUserId 3f8ebfa44dc10c3573aeada36a3dba3d|9f6ad6466fa24f448fd608a184e75aec|e6a9dda6-10d6-4a1a-b640-db83578c1f0f
[2015.11.21-14.29.29:287][  0]LogAnalytics: [UEEditor.Rocket.Release] AnalyticsET::StartSession
[2015.11.21-14.29.29:413][  0]LogInit: Transaction tracking system initialized
[2015.11.21-14.29.29:513][  0]BlueprintLog: New page: Editor Load
[2015.11.21-14.29.32:986][  0]LocalizationService: Info Localization service is disabled
[2015.11.21-14.29.33:713][  0]LogConsoleResponse:Display: 
[2015.11.21-14.29.34:038][  0]LogCook:Display: Done creating registry. It took  0.00s.
[2015.11.21-14.29.34:289][  0]LogFileCache: Scanning file cache for directory 'C:/Users/adam/Desktop/UnrealEngineProject/UnrealEngine/Group_playground/Content/' took 0.01s
[2015.11.21-14.29.34:290][  0]SourceControl: Info Source control is disabled
[2015.11.21-14.29.34:564][  0]LogFactory: FactoryCreateBinary: PackFactory with PackFactory (0 0 C:/Program Files/Epic Games/4.9/FeaturePacks/StarterContent.upack)
[2015.11.21-14.29.35:032][  0]LogPackFactory: Finished extracting 8 files (including 0 errors).
[2015.11.21-14.29.35:136][  0]LogPackFactory: Copied "../../../Samples/StarterContent/Content/StarterContent/Architecture/Floor_400x400.uasset" to "../../../../../../Users/adam/Desktop/UnrealEngineProject/UnrealEngine/Group_playground/Content/StarterContent/Architecture/Floor_400x400.uasset"
[2015.11.21-14.29.35:171][  0]LogPackFactory: Copied "../../../Samples/StarterContent/Content/StarterContent/Architecture/Pillar_50x500.uasset" to "../../../../../../Users/adam/Desktop/UnrealEngineProject/UnrealEngine/Group_playground/Content/StarterContent/Architecture/Pillar_50x500.uasset"
[2015.11.21-14.29.35:237][  0]LogPackFactory: Copied "../../../Samples/StarterContent/Content/StarterContent/Architecture/SM_AssetPlatform.uasset" to "../../../../../../Users/adam/Desktop/UnrealEngineProject/UnrealEngine/Group_playground/Content/StarterContent/Architecture/SM_AssetPlatform.uasset"
[2015.11.21-14.29.35:241][  0]LogPackFactory: Copied "../../../Samples/StarterContent/Content/StarterContent/Architecture/Wall_400x200.uasset" to "../../../../../../Users/adam/Desktop/UnrealEngineProject/UnrealEngine/Group_playground/Content/StarterContent/Architecture/Wall_400x200.uasset"
[2015.11.21-14.29.35:276][  0]LogPackFactory: Copied "../../../Samples/StarterContent/Content/StarterContent/Architecture/Wall_400x300.uasset" to "../../../../../../Users/adam/Desktop/UnrealEngineProject/UnrealEngine/Group_playground/Content/StarterContent/Architecture/Wall_400x300.uasset"
[2015.11.21-14.29.35:285][  0]LogPackFactory: Copied "../../../Samples/StarterContent/Content/StarterContent/Architecture/Wall_400x400.uasset" to "../../../../../../Users/adam/Desktop/UnrealEngineProject/UnrealEngine/Group_playground/Content/StarterContent/Architecture/Wall_400x400.uasset"
[2015.11.21-14.29.35:307][  0]LogPackFactory: Copied "../../../Samples/StarterContent/Content/StarterContent/Architecture/Wall_500x500.uasset" to "../../../../../../Users/adam/Desktop/UnrealEngineProject/UnrealEngine/Group_playground/Content/StarterContent/Architecture/Wall_500x500.uasset"
[2015.11.21-14.29.35:357][  0]LogPackFactory: Copied "../../../Samples/StarterContent/Content/StarterContent/Architecture/Wall_Door_400x300.uasset" to "../../../../../../Users/adam/Desktop/UnrealEngineProject/UnrealEngine/Group_playground/Content/StarterContent/Architecture/Wall_Door_400x300.uasset"
[2015.11.21-14.29.35:362][  0]LogPackFactory: Copied "../../../Samples/StarterContent/Content/StarterContent/Architecture/Wall_Door_400x400.uasset" to "../../../../../../Users/adam/Desktop/UnrealEngineProject/UnrealEngine/Group_playground/Content/StarterContent/Architecture/Wall_Door_400x400.uasset"
[2015.11.21-14.29.35:378][  0]LogPackFactory: Copied "../../../Samples/StarterContent/Content/StarterContent/Architecture/Wall_Window_400x300.uasset" to "../../../../../../Users/adam/Desktop/UnrealEngineProject/UnrealEngine/Group_playground/Content/StarterContent/Architecture/Wall_Window_400x300.uasset"
[2015.11.21-14.29.35:410][  0]LogPackFactory: Copied "../../../Samples/StarterContent/Content/StarterContent/Architecture/Wall_Window_400x400.uasset" to "../../../../../../Users/adam/Desktop/UnrealEngineProject/UnrealEngine/Group_playground/Content/StarterContent/Architecture/Wall_Window_400x400.uasset"
[2015.11.21-14.29.35:487][  0]LogPackFactory: Copied "../../../Samples/StarterContent/Content/StarterContent/Audio/Collapse01.uasset" to "../../../../../../Users/adam/Desktop/UnrealEngineProject/UnrealEngine/Group_playground/Content/StarterContent/Audio/Collapse01.uasset"
[2015.11.21-14.29.35:558][  0]LogPackFactory: Copied "../../../Samples/StarterContent/Content/StarterContent/Audio/Collapse02.uasset" to "../../../../../../Users/adam/Desktop/UnrealEngineProject/UnrealEngine/Group_playground/Content/StarterContent/Audio/Collapse02.uasset"
[2015.11.21-14.29.35:579][  0]LogPackFactory: Copied "../../../Samples/StarterContent/Content/StarterContent/Audio/Collapse_Cue.uasset" to "../../../../../../Users/adam/Desktop/UnrealEngineProject/UnrealEngine/Group_playground/Content/StarterContent/Audio/Collapse_Cue.uasset"
[2015.11.21-14.29.35:671][  0]LogPackFactory: Copied "../../../Samples/StarterContent/Content/StarterContent/Audio/Explosion01.uasset" to "../../../../../../Users/adam/Desktop/UnrealEngineProject/UnrealEngine/Group_playground/Content/StarterContent/Audio/Explosion01.uasset"
[2015.11.21-14.29.35:748][  0]LogPackFactory: Copied "../../../Samples/StarterContent/Content/StarterContent/Audio/Explosion02.uasset" to "../../../../../../Users/adam/Desktop/UnrealEngineProject/UnrealEngine/Group_playground/Content/StarterContent/Audio/Explosion02.uasset"
[2015.11.21-14.29.35:771][  0]LogPackFactory: Copied "../../../Samples/StarterContent/Content/StarterContent/Audio/Explosion_Cue.uasset" to "../../../../../../Users/adam/Desktop/UnrealEngineProject/UnrealEngine/Group_playground/Content/StarterContent/Audio/Explosion_Cue.uasset"
[2015.11.21-14.29.35:889][  0]LogPackFactory: Copied "../../../Samples/StarterContent/Content/StarterContent/Audio/Fire01.uasset" to "../../../../../../Users/adam/Desktop/UnrealEngineProject/UnrealEngine/Group_playground/Content/StarterContent/Audio/Fire01.uasset"
[2015.11.21-14.29.35:922][  0]LogPackFactory: Copied "../../../Samples/StarterContent/Content/StarterContent/Audio/Fire01_Cue.uasset" to "../../../../../../Users/adam/Desktop/UnrealEngineProject/UnrealEngine/Group_playground/Content/StarterContent/Audio/Fire01_Cue.uasset"
[2015.11.21-14.29.36:057][  0]LogPackFactory: Copied "../../../Samples/StarterContent/Content/StarterContent/Audio/Fire_Sparks01.uasset" to "../../../../../../Users/adam/Desktop/UnrealEngineProject/UnrealEngine/Group_playground/Content/StarterContent/Audio/Fire_Sparks01.uasset"
[2015.11.21-14.29.36:244][  0]LogPackFactory: Copied "../../../Samples/StarterContent/Content/StarterContent/Audio/Fire_Sparks01_Cue.uasset" to "../../../../../../Users/adam/Desktop/UnrealEngineProject/UnrealEngine/Group_playground/Content/StarterContent/Audio/Fire_Sparks01_Cue.uasset"
[2015.11.21-14.29.36:371][  0]LogPackFactory: Copied "../../../Samples/StarterContent/Content/StarterContent/Audio/Light01.uasset" to "../../../../../../Users/adam/Desktop/UnrealEngineProject/UnrealEngine/Group_playground/Content/StarterContent/Audio/Light01.uasset"
[2015.11.21-14.29.36:388][  0]LogPackFactory: Copied "../../../Samples/StarterContent/Content/StarterContent/Audio/Light01_Cue.uasset" to "../../../../../../Users/adam/Desktop/UnrealEngineProject/UnrealEngine/Group_playground/Content/StarterContent/Audio/Light01_Cue.uasset"
[2015.11.21-14.29.36:459][  0]LogPackFactory: Copied "../../../Samples/StarterContent/Content/StarterContent/Audio/Light02.uasset" to "../../../../../../Users/adam/Desktop/UnrealEngineProject/UnrealEngine/Group_playground/Content/StarterContent/Audio/Light02.uasset"
[2015.11.21-14.29.36:477][  0]LogPackFactory: Copied "../../../Samples/StarterContent/Content/StarterContent/Audio/Light02_Cue.uasset" to "../../../../../../Users/adam/Desktop/UnrealEngineProject/UnrealEngine/Group_playground/Content/StarterContent/Audio/Light02_Cue.uasset"
[2015.11.21-14.29.36:530][  0]LogPackFactory: Copied "../../../Samples/StarterContent/Content/StarterContent/Audio/Smoke01.uasset" to "../../../../../../Users/adam/Desktop/UnrealEngineProject/UnrealEngine/Group_playground/Content/StarterContent/Audio/Smoke01.uasset"
[2015.11.21-14.29.36:563][  0]LogPackFactory: Copied "../../../Samples/StarterContent/Content/StarterContent/Audio/Smoke01_Cue.uasset" to "../../../../../../Users/adam/Desktop/UnrealEngineProject/UnrealEngine/Group_playground/Content/StarterContent/Audio/Smoke01_Cue.uasset"
[2015.11.21-14.29.36:623][  0]LogPackFactory: Copied "../../../Samples/StarterContent/Content/StarterContent/Audio/Starter_Background_Cue.uasset" to "../../../../../../Users/adam/Desktop/UnrealEngineProject/UnrealEngine/Group_playground/Content/StarterContent/Audio/Starter_Background_Cue.uasset"
[2015.11.21-14.29.36:972][  0]LogPackFactory: Copied "../../../Samples/StarterContent/Content/StarterContent/Audio/Starter_Birds01.uasset" to "../../../../../../Users/adam/Desktop/UnrealEngineProject/UnrealEngine/Group_playground/Content/StarterContent/Audio/Starter_Birds01.uasset"
[2015.11.21-14.29.38:251][  0]LogPackFactory: Copied "../../../Samples/StarterContent/Content/StarterContent/Audio/Starter_Music01.uasset" to "../../../../../../Users/adam/Desktop/UnrealEngineProject/UnrealEngine/Group_playground/Content/StarterContent/Audio/Starter_Music01.uasset"
[2015.11.21-14.29.38:313][  0]LogPackFactory: Copied "../../../Samples/StarterContent/Content/StarterContent/Audio/Starter_Music_Cue.uasset" to "../../../../../../Users/adam/Desktop/UnrealEngineProject/UnrealEngine/Group_playground/Content/StarterContent/Audio/Starter_Music_Cue.uasset"
[2015.11.21-14.29.38:590][  0]LogPackFactory: Copied "../../../Samples/StarterContent/Content/StarterContent/Audio/Starter_Wind05.uasset" to "../../../../../../Users/adam/Desktop/UnrealEngineProject/UnrealEngine/Group_playground/Content/StarterContent/Audio/Starter_Wind05.uasset"
[2015.11.21-14.29.39:003][  0]LogPackFactory: Copied "../../../Samples/StarterContent/Content/StarterContent/Audio/Starter_Wind06.uasset" to "../../../../../../Users/adam/Desktop/UnrealEngineProject/UnrealEngine/Group_playground/Content/StarterContent/Audio/Starter_Wind06.uasset"
[2015.11.21-14.29.39:134][  0]LogPackFactory: Copied "../../../Samples/StarterContent/Content/StarterContent/Audio/Steam01.uasset" to "../../../../../../Users/adam/Desktop/UnrealEngineProject/UnrealEngine/Group_playground/Content/StarterContent/Audio/Steam01.uasset"
[2015.11.21-14.29.39:171][  0]LogPackFactory: Copied "../../../Samples/StarterContent/Content/StarterContent/Audio/Steam01_Cue.uasset" to "../../../../../../Users/adam/Desktop/UnrealEngineProject/UnrealEngine/Group_playground/Content/StarterContent/Audio/Steam01_Cue.uasset"
[2015.11.21-14.29.39:214][  0]LogPackFactory: Copied "../../../Samples/StarterContent/Content/StarterContent/Blueprints/Blueprint_CeilingLight.uasset" to "../../../../../../Users/adam/Desktop/UnrealEngineProject/UnrealEngine/Group_playground/Content/StarterContent/Blueprints/Blueprint_CeilingLight.uasset"
[2015.11.21-14.29.39:234][  0]LogPackFactory: Copied "../../../Samples/StarterContent/Content/StarterContent/Blueprints/Blueprint_Effect_Explosion.uasset" to "../../../../../../Users/adam/Desktop/UnrealEngineProject/UnrealEngine/Group_playground/Content/StarterContent/Blueprints/Blueprint_Effect_Explosion.uasset"
[2015.11.21-14.29.39:306][  0]LogPackFactory: Copied "../../../Samples/StarterContent/Content/StarterContent/Blueprints/Blueprint_Effect_Fire.uasset" to "../../../../../../Users/adam/Desktop/UnrealEngineProject/UnrealEngine/Group_playground/Content/StarterContent/Blueprints/Blueprint_Effect_Fire.uasset"
[2015.11.21-14.29.39:317][  0]LogPackFactory: Copied "../../../Samples/StarterContent/Content/StarterContent/Blueprints/Blueprint_Effect_Smoke.uasset" to "../../../../../../Users/adam/Desktop/UnrealEngineProject/UnrealEngine/Group_playground/Content/StarterContent/Blueprints/Blueprint_Effect_Smoke.uasset"
[2015.11.21-14.29.39:339][  0]LogPackFactory: Copied "../../../Samples/StarterContent/Content/StarterContent/Blueprints/Blueprint_Effect_Sparks.uasset" to "../../../../../../Users/adam/Desktop/UnrealEngineProject/UnrealEngine/Group_playground/Content/StarterContent/Blueprints/Blueprint_Effect_Sparks.uasset"
[2015.11.21-14.29.39:354][  0]LogPackFactory: Copied "../../../Samples/StarterContent/Content/StarterContent/Blueprints/Blueprint_Effect_Steam.uasset" to "../../../../../../Users/adam/Desktop/UnrealEngineProject/UnrealEngine/Group_playground/Content/StarterContent/Blueprints/Blueprint_Effect_Steam.uasset"
[2015.11.21-14.29.39:372][  0]LogPackFactory: Copied "../../../Samples/StarterContent/Content/StarterContent/Blueprints/Blueprint_WallSconce.uasset" to "../../../../../../Users/adam/Desktop/UnrealEngineProject/UnrealEngine/Group_playground/Content/StarterContent/Blueprints/Blueprint_WallSconce.uasset"
[2015.11.21-14.29.39:422][  0]LogPackFactory: Copied "../../../Samples/StarterContent/Content/StarterContent/Blueprints/BP_LightStudio.uasset" to "../../../../../../Users/adam/Desktop/UnrealEngineProject/UnrealEngine/Group_playground/Content/StarterContent/Blueprints/BP_LightStudio.uasset"
[2015.11.21-14.29.39:457][  0]LogPackFactory: Copied "../../../Samples/StarterContent/Content/StarterContent/Blueprints/Assets/FogBrightnessLUT.uasset" to "../../../../../../Users/adam/Desktop/UnrealEngineProject/UnrealEngine/Group_playground/Content/StarterContent/Blueprints/Assets/FogBrightnessLUT.uasset"
[2015.11.21-14.29.39:481][  0]LogPackFactory: Copied "../../../Samples/StarterContent/Content/StarterContent/Blueprints/Assets/M_LightStage_Arrows.uasset" to "../../../../../../Users/adam/Desktop/UnrealEngineProject/UnrealEngine/Group_playground/Content/StarterContent/Blueprints/Assets/M_LightStage_Arrows.uasset"
[2015.11.21-14.29.39:518][  0]LogPackFactory: Copied "../../../Samples/StarterContent/Content/StarterContent/Blueprints/Assets/M_LightStage_Skybox_Black.uasset" to "../../../../../../Users/adam/Desktop/UnrealEngineProject/UnrealEngine/Group_playground/Content/StarterContent/Blueprints/Assets/M_LightStage_Skybox_Black.uasset"
[2015.11.21-14.29.39:549][  0]LogPackFactory: Copied "../../../Samples/StarterContent/Content/StarterContent/Blueprints/Assets/M_LightStage_Skybox_HDRI.uasset" to "../../../../../../Users/adam/Desktop/UnrealEngineProject/UnrealEngine/Group_playground/Content/StarterContent/Blueprints/Assets/M_LightStage_Skybox_HDRI.uasset"
[2015.11.21-14.29.39:600][  0]LogPackFactory: Copied "../../../Samples/StarterContent/Content/StarterContent/Blueprints/Assets/M_LightStage_Skybox_Master.uasset" to "../../../../../../Users/adam/Desktop/UnrealEngineProject/UnrealEngine/Group_playground/Content/StarterContent/Blueprints/Assets/M_LightStage_Skybox_Master.uasset"
[2015.11.21-14.29.39:726][  0]LogPackFactory: Copied "../../../Samples/StarterContent/Content/StarterContent/Blueprints/Assets/Skybox.uasset" to "../../../../../../Users/adam/Desktop/UnrealEngineProject/UnrealEngine/Group_playground/Content/StarterContent/Blueprints/Assets/Skybox.uasset"
[2015.11.21-14.29.39:833][  0]LogPackFactory: Copied "../../../Samples/StarterContent/Content/StarterContent/Blueprints/Assets/SM_Arrows.uasset" to "../../../../../../Users/adam/Desktop/UnrealEngineProject/UnrealEngine/Group_playground/Content/StarterContent/Blueprints/Assets/SM_Arrows.uasset"
[2015.11.21-14.29.39:871][  0]LogPackFactory: Copied "../../../Samples/StarterContent/Content/StarterContent/Blueprints/Assets/SunlightColorLUT.uasset" to "../../../../../../Users/adam/Desktop/UnrealEngineProject/UnrealEngine/Group_playground/Content/StarterContent/Blueprints/Assets/SunlightColorLUT.uasset"
[2015.11.21-14.29.42:372][  0]LogPackFactory: Copied "../../../Samples/StarterContent/Content/StarterContent/HDRI/HDRI_Epic_Courtyard_Daylight.uasset" to "../../../../../../Users/adam/Desktop/UnrealEngineProject/UnrealEngine/Group_playground/Content/StarterContent/HDRI/HDRI_Epic_Courtyard_Daylight.uasset"
[2015.11.21-14.29.42:631][  0]LogPackFactory: Copied "../../../Samples/StarterContent/Content/StarterContent/Maps/Advanced_Lighting.umap" to "../../../../../../Users/adam/Desktop/UnrealEngineProject/UnrealEngine/Group_playground/Content/StarterContent/Maps/Advanced_Lighting.umap"
[2015.11.21-14.29.43:504][  0]LogPackFactory: Copied "../../../Samples/StarterContent/Content/StarterContent/Maps/Minimal_Default.umap" to "../../../../../../Users/adam/Desktop/UnrealEngineProject/UnrealEngine/Group_playground/Content/StarterContent/Maps/Minimal_Default.umap"
[2015.11.21-14.29.44:041][  0]LogPackFactory: Copied "../../../Samples/StarterContent/Content/StarterContent/Maps/StarterMap.umap" to "../../../../../../Users/adam/Desktop/UnrealEngineProject/UnrealEngine/Group_playground/Content/StarterContent/Maps/StarterMap.umap"
[2015.11.21-14.29.44:255][  0]LogPackFactory: Copied "../../../Samples/StarterContent/Content/StarterContent/Materials/M_AssetPlatform.uasset" to "../../../../../../Users/adam/Desktop/UnrealEngineProject/UnrealEngine/Group_playground/Content/StarterContent/Materials/M_AssetPlatform.uasset"
[2015.11.21-14.29.44:293][  0]LogPackFactory: Copied "../../../Samples/StarterContent/Content/StarterContent/Materials/M_Basic_Floor.uasset" to "../../../../../../Users/adam/Desktop/UnrealEngineProject/UnrealEngine/Group_playground/Content/StarterContent/Materials/M_Basic_Floor.uasset"
[2015.11.21-14.29.44:328][  0]LogPackFactory: Copied "../../../Samples/StarterContent/Content/StarterContent/Materials/M_Basic_Wall.uasset" to "../../../../../../Users/adam/Desktop/UnrealEngineProject/UnrealEngine/Group_playground/Content/StarterContent/Materials/M_Basic_Wall.uasset"
[2015.11.21-14.29.44:649][  0]LogPackFactory: Copied "../../../Samples/StarterContent/Content/StarterContent/Materials/M_Brick_Clay_Beveled.uasset" to "../../../../../../Users/adam/Desktop/UnrealEngineProject/UnrealEngine/Group_playground/Content/StarterContent/Materials/M_Brick_Clay_Beveled.uasset"
[2015.11.21-14.29.44:680][  0]LogPackFactory: Copied "../../../Samples/StarterContent/Content/StarterContent/Materials/M_Brick_Clay_New.uasset" to "../../../../../../Users/adam/Desktop/UnrealEngineProject/UnrealEngine/Group_playground/Content/StarterContent/Materials/M_Brick_Clay_New.uasset"
[2015.11.21-14.29.44:683][  0]LogPackFactory: Copied "../../../Samples/StarterContent/Content/StarterContent/Materials/M_Brick_Clay_Old.uasset" to "../../../../../../Users/adam/Desktop/UnrealEngineProject/UnrealEngine/Group_playground/Content/StarterContent/Materials/M_Brick_Clay_Old.uasset"
[2015.11.21-14.29.44:830][  0]LogPackFactory: Copied "../../../Samples/StarterContent/Content/StarterContent/Materials/M_Brick_Cut_Stone.uasset" to "../../../../../../Users/adam/Desktop/UnrealEngineProject/UnrealEngine/Group_playground/Content/StarterContent/Materials/M_Brick_Cut_Stone.uasset"
[2015.11.21-14.29.44:980][  0]LogPackFactory: Copied "../../../Samples/StarterContent/Content/StarterContent/Materials/M_Brick_Hewn_Stone.uasset" to "../../../../../../Users/adam/Desktop/UnrealEngineProject/UnrealEngine/Group_playground/Content/StarterContent/Materials/M_Brick_Hewn_Stone.uasset"
[2015.11.21-14.29.45:097][  0]LogPackFactory: Copied "../../../Samples/StarterContent/Content/StarterContent/Materials/M_Ceramic_Tile_Checker.uasset" to "../../../../../../Users/adam/Desktop/UnrealEngineProject/UnrealEngine/Group_playground/Content/StarterContent/Materials/M_Ceramic_Tile_Checker.uasset"
[2015.11.21-14.29.45:263][  0]LogPackFactory: Copied "../../../Samples/StarterContent/Content/StarterContent/Materials/M_CobbleStone_Pebble.uasset" to "../../../../../../Users/adam/Desktop/UnrealEngineProject/UnrealEngine/Group_playground/Content/StarterContent/Materials/M_CobbleStone_Pebble.uasset"
[2015.11.21-14.29.45:290][  0]LogPackFactory: Copied "../../../Samples/StarterContent/Content/StarterContent/Materials/M_CobbleStone_Rough.uasset" to "../../../../../../Users/adam/Desktop/UnrealEngineProject/UnrealEngine/Group_playground/Content/StarterContent/Materials/M_CobbleStone_Rough.uasset"
[2015.11.21-14.29.45:555][  0]LogPackFactory: Copied "../../../Samples/StarterContent/Content/StarterContent/Materials/M_CobbleStone_Smooth.uasset" to "../../../../../../Users/adam/Desktop/UnrealEngineProject/UnrealEngine/Group_playground/Content/StarterContent/Materials/M_CobbleStone_Smooth.uasset"
[2015.11.21-14.29.45:568][  0]LogPackFactory: Copied "../../../Samples/StarterContent/Content/StarterContent/Materials/M_ColorGrid_LowSpec.uasset" to "../../../../../../Users/adam/Desktop/UnrealEngineProject/UnrealEngine/Group_playground/Content/StarterContent/Materials/M_ColorGrid_LowSpec.uasset"
[2015.11.21-14.29.45:610][  0]LogPackFactory: Copied "../../../Samples/StarterContent/Content/StarterContent/Materials/M_Concrete_Grime.uasset" to "../../../../../../Users/adam/Desktop/UnrealEngineProject/UnrealEngine/Group_playground/Content/StarterContent/Materials/M_Concrete_Grime.uasset"
[2015.11.21-14.29.45:642][  0]LogPackFactory: Copied "../../../Samples/StarterContent/Content/StarterContent/Materials/M_Concrete_Panels.uasset" to "../../../../../../Users/adam/Desktop/UnrealEngineProject/UnrealEngine/Group_playground/Content/StarterContent/Materials/M_Concrete_Panels.uasset"
[2015.11.21-14.29.45:673][  0]LogPackFactory: Copied "../../../Samples/StarterContent/Content/StarterContent/Materials/M_Concrete_Poured.uasset" to "../../../../../../Users/adam/Desktop/UnrealEngineProject/UnrealEngine/Group_playground/Content/StarterContent/Materials/M_Concrete_Poured.uasset"
[2015.11.21-14.29.45:688][  0]LogPackFactory: Copied "../../../Samples/StarterContent/Content/StarterContent/Materials/M_Concrete_Tiles.uasset" to "../../../../../../Users/adam/Desktop/UnrealEngineProject/UnrealEngine/Group_playground/Content/StarterContent/Materials/M_Concrete_Tiles.uasset"
[2015.11.21-14.29.45:719][  0]LogPackFactory: Copied "../../../Samples/StarterContent/Content/StarterContent/Materials/M_Glass.uasset" to "../../../../../../Users/adam/Desktop/UnrealEngineProject/UnrealEngine/Group_playground/Content/StarterContent/Materials/M_Glass.uasset"
[2015.11.21-14.29.45:743][  0]LogPackFactory: Copied "../../../Samples/StarterContent/Content/StarterContent/Materials/M_Ground_Grass.uasset" to "../../../../../../Users/adam/Desktop/UnrealEngineProject/UnrealEngine/Group_playground/Content/StarterContent/Materials/M_Ground_Grass.uasset"
[2015.11.21-14.29.45:818][  0]LogPackFactory: Copied "../../../Samples/StarterContent/Content/StarterContent/Materials/M_Ground_Gravel.uasset" to "../../../../../../Users/adam/Desktop/UnrealEngineProject/UnrealEngine/Group_playground/Content/StarterContent/Materials/M_Ground_Gravel.uasset"
[2015.11.21-14.29.45:869][  0]LogPackFactory: Copied "../../../Samples/StarterContent/Content/StarterContent/Materials/M_Ground_Moss.uasset" to "../../../../../../Users/adam/Desktop/UnrealEngineProject/UnrealEngine/Group_playground/Content/StarterContent/Materials/M_Ground_Moss.uasset"
[2015.11.21-14.29.45:888][  0]LogPackFactory: Copied "../../../Samples/StarterContent/Content/StarterContent/Materials/M_Metal_Brushed_Nickel.uasset" to "../../../../../../Users/adam/Desktop/UnrealEngineProject/UnrealEngine/Group_playground/Content/StarterContent/Materials/M_Metal_Brushed_Nickel.uasset"
[2015.11.21-14.29.45:909][  0]LogPackFactory: Copied "../../../Samples/StarterContent/Content/StarterContent/Materials/M_Metal_Burnished_Steel.uasset" to "../../../../../../Users/adam/Desktop/UnrealEngineProject/UnrealEngine/Group_playground/Content/StarterContent/Materials/M_Metal_Burnished_Steel.uasset"
[2015.11.21-14.29.45:961][  0]LogPackFactory: Copied "../../../Samples/StarterContent/Content/StarterContent/Materials/M_Metal_Chrome.uasset" to "../../../../../../Users/adam/Desktop/UnrealEngineProject/UnrealEngine/Group_playground/Content/StarterContent/Materials/M_Metal_Chrome.uasset"
[2015.11.21-14.29.45:970][  0]LogPackFactory: Copied "../../../Samples/StarterContent/Content/StarterContent/Materials/M_Metal_Copper.uasset" to "../../../../../../Users/adam/Desktop/UnrealEngineProject/UnrealEngine/Group_playground/Content/StarterContent/Materials/M_Metal_Copper.uasset"
[2015.11.21-14.29.46:128][  0]LogPackFactory: Copied "../../../Samples/StarterContent/Content/StarterContent/Materials/M_Metal_Gold.uasset" to "../../../../../../Users/adam/Desktop/UnrealEngineProject/UnrealEngine/Group_playground/Content/StarterContent/Materials/M_Metal_Gold.uasset"
[2015.11.21-14.29.46:367][  0]LogPackFactory: Copied "../../../Samples/StarterContent/Content/StarterContent/Materials/M_Metal_Rust.uasset" to "../../../../../../Users/adam/Desktop/UnrealEngineProject/UnrealEngine/Group_playground/Content/StarterContent/Materials/M_Metal_Rust.uasset"
[2015.11.21-14.29.46:532][  0]LogPackFactory: Copied "../../../Samples/StarterContent/Content/StarterContent/Materials/M_Metal_Steel.uasset" to "../../../../../../Users/adam/Desktop/UnrealEngineProject/UnrealEngine/Group_playground/Content/StarterContent/Materials/M_Metal_Steel.uasset"
[2015.11.21-14.29.46:700][  0]LogPackFactory: Copied "../../../Samples/StarterContent/Content/StarterContent/Materials/M_Rock_Basalt.uasset" to "../../../../../../Users/adam/Desktop/UnrealEngineProject/UnrealEngine/Group_playground/Content/StarterContent/Materials/M_Rock_Basalt.uasset"
[2015.11.21-14.29.46:712][  0]LogPackFactory: Copied "../../../Samples/StarterContent/Content/StarterContent/Materials/M_Rock_Marble_Polished.uasset" to "../../../../../../Users/adam/Desktop/UnrealEngineProject/UnrealEngine/Group_playground/Content/StarterContent/Materials/M_Rock_Marble_Polished.uasset"
[2015.11.21-14.29.46:747][  0]LogPackFactory: Copied "../../../Samples/StarterContent/Content/StarterContent/Materials/M_Rock_Sandstone.uasset" to "../../../../../../Users/adam/Desktop/UnrealEngineProject/UnrealEngine/Group_playground/Content/StarterContent/Materials/M_Rock_Sandstone.uasset"
[2015.11.21-14.29.46:778][  0]LogPackFactory: Copied "../../../Samples/StarterContent/Content/StarterContent/Materials/M_Rock_Slate.uasset" to "../../../../../../Users/adam/Desktop/UnrealEngineProject/UnrealEngine/Group_playground/Content/StarterContent/Materials/M_Rock_Slate.uasset"
[2015.11.21-14.29.46:832][  0]LogPackFactory: Copied "../../../Samples/StarterContent/Content/StarterContent/Materials/M_Tech_Checker_Dot.uasset" to "../../../../../../Users/adam/Desktop/UnrealEngineProject/UnrealEngine/Group_playground/Content/StarterContent/Materials/M_Tech_Checker_Dot.uasset"
[2015.11.21-14.29.46:845][  0]LogPackFactory: Copied "../../../Samples/StarterContent/Content/StarterContent/Materials/M_Tech_Hex_Tile.uasset" to "../../../../../../Users/adam/Desktop/UnrealEngineProject/UnrealEngine/Group_playground/Content/StarterContent/Materials/M_Tech_Hex_Tile.uasset"
[2015.11.21-14.29.46:857][  0]LogPackFactory: Copied "../../../Samples/StarterContent/Content/StarterContent/Materials/M_Tech_Hex_Tile_Pulse.uasset" to "../../../../../../Users/adam/Desktop/UnrealEngineProject/UnrealEngine/Group_playground/Content/StarterContent/Materials/M_Tech_Hex_Tile_Pulse.uasset"
[2015.11.21-14.29.46:885][  0]LogPackFactory: Copied "../../../Samples/StarterContent/Content/StarterContent/Materials/M_Tech_Panel.uasset" to "../../../../../../Users/adam/Desktop/UnrealEngineProject/UnrealEngine/Group_playground/Content/StarterContent/Materials/M_Tech_Panel.uasset"
[2015.11.21-14.29.46:941][  0]LogPackFactory: Copied "../../../Samples/StarterContent/Content/StarterContent/Materials/M_Water_Lake.uasset" to "../../../../../../Users/adam/Desktop/UnrealEngineProject/UnrealEngine/Group_playground/Content/StarterContent/Materials/M_Water_Lake.uasset"
[2015.11.21-14.29.46:957][  0]LogPackFactory: Copied "../../../Samples/StarterContent/Content/StarterContent/Materials/M_Water_Ocean.uasset" to "../../../../../../Users/adam/Desktop/UnrealEngineProject/UnrealEngine/Group_playground/Content/StarterContent/Materials/M_Water_Ocean.uasset"
[2015.11.21-14.29.46:970][  0]LogPackFactory: Copied "../../../Samples/StarterContent/Content/StarterContent/Materials/M_Wood_Floor_Walnut_Polished.uasset" to "../../../../../../Users/adam/Desktop/UnrealEngineProject/UnrealEngine/Group_playground/Content/StarterContent/Materials/M_Wood_Floor_Walnut_Polished.uasset"
[2015.11.21-14.29.47:036][  0]LogPackFactory: Copied "../../../Samples/StarterContent/Content/StarterContent/Materials/M_Wood_Floor_Walnut_Worn.uasset" to "../../../../../../Users/adam/Desktop/UnrealEngineProject/UnrealEngine/Group_playground/Content/StarterContent/Materials/M_Wood_Floor_Walnut_Worn.uasset"
[2015.11.21-14.29.47:069][  0]LogPackFactory: Copied "../../../Samples/StarterContent/Content/StarterContent/Materials/M_Wood_Oak.uasset" to "../../../../../../Users/adam/Desktop/UnrealEngineProject/UnrealEngine/Group_playground/Content/StarterContent/Materials/M_Wood_Oak.uasset"
[2015.11.21-14.29.47:085][  0]LogPackFactory: Copied "../../../Samples/StarterContent/Content/StarterContent/Materials/M_Wood_Pine.uasset" to "../../../../../../Users/adam/Desktop/UnrealEngineProject/UnrealEngine/Group_playground/Content/StarterContent/Materials/M_Wood_Pine.uasset"
[2015.11.21-14.29.47:133][  0]LogPackFactory: Copied "../../../Samples/StarterContent/Content/StarterContent/Materials/M_Wood_Walnut.uasset" to "../../../../../../Users/adam/Desktop/UnrealEngineProject/UnrealEngine/Group_playground/Content/StarterContent/Materials/M_Wood_Walnut.uasset"
[2015.11.21-14.29.47:206][  0]LogPackFactory: Copied "../../../Samples/StarterContent/Content/StarterContent/Particles/P_Ambient_Dust.uasset" to "../../../../../../Users/adam/Desktop/UnrealEngineProject/UnrealEngine/Group_playground/Content/StarterContent/Particles/P_Ambient_Dust.uasset"
[2015.11.21-14.29.47:258][  0]LogPackFactory: Copied "../../../Samples/StarterContent/Content/StarterContent/Particles/P_Explosion.uasset" to "../../../../../../Users/adam/Desktop/UnrealEngineProject/UnrealEngine/Group_playground/Content/StarterContent/Particles/P_Explosion.uasset"
[2015.11.21-14.29.47:485][  0]LogPackFactory: Copied "../../../Samples/StarterContent/Content/StarterContent/Particles/P_Fire.uasset" to "../../../../../../Users/adam/Desktop/UnrealEngineProject/UnrealEngine/Group_playground/Content/StarterContent/Particles/P_Fire.uasset"
[2015.11.21-14.29.47:605][  0]LogPackFactory: Copied "../../../Samples/StarterContent/Content/StarterContent/Particles/P_Smoke.uasset" to "../../../../../../Users/adam/Desktop/UnrealEngineProject/UnrealEngine/Group_playground/Content/StarterContent/Particles/P_Smoke.uasset"
[2015.11.21-14.29.47:648][  0]LogPackFactory: Copied "../../../Samples/StarterContent/Content/StarterContent/Particles/P_Sparks.uasset" to "../../../../../../Users/adam/Desktop/UnrealEngineProject/UnrealEngine/Group_playground/Content/StarterContent/Particles/P_Sparks.uasset"
[2015.11.21-14.29.47:697][  0]LogPackFactory: Copied "../../../Samples/StarterContent/Content/StarterContent/Particles/P_Steam_Lit.uasset" to "../../../../../../Users/adam/Desktop/UnrealEngineProject/UnrealEngine/Group_playground/Content/StarterContent/Particles/P_Steam_Lit.uasset"
[2015.11.21-14.29.47:728][  0]LogPackFactory: Copied "../../../Samples/StarterContent/Content/StarterContent/Particles/Materials/M_Burst.uasset" to "../../../../../../Users/adam/Desktop/UnrealEngineProject/UnrealEngine/Group_playground/Content/StarterContent/Particles/Materials/M_Burst.uasset"
[2015.11.21-14.29.47:749][  0]LogPackFactory: Copied "../../../Samples/StarterContent/Content/StarterContent/Particles/Materials/M_Dust_Particle.uasset" to "../../../../../../Users/adam/Desktop/UnrealEngineProject/UnrealEngine/Group_playground/Content/StarterContent/Particles/Materials/M_Dust_Particle.uasset"
[2015.11.21-14.29.47:771][  0]LogPackFactory: Copied "../../../Samples/StarterContent/Content/StarterContent/Particles/Materials/M_explosion_subUV.uasset" to "../../../../../../Users/adam/Desktop/UnrealEngineProject/UnrealEngine/Group_playground/Content/StarterContent/Particles/Materials/M_explosion_subUV.uasset"
[2015.11.21-14.29.47:775][  0]LogPackFactory: Copied "../../../Samples/StarterContent/Content/StarterContent/Particles/Materials/M_Fire_SubUV.uasset" to "../../../../../../Users/adam/Desktop/UnrealEngineProject/UnrealEngine/Group_playground/Content/StarterContent/Particles/Materials/M_Fire_SubUV.uasset"
[2015.11.21-14.29.47:795][  0]LogPackFactory: Copied "../../../Samples/StarterContent/Content/StarterContent/Particles/Materials/m_flare_01.uasset" to "../../../../../../Users/adam/Desktop/UnrealEngineProject/UnrealEngine/Group_playground/Content/StarterContent/Particles/Materials/m_flare_01.uasset"
[2015.11.21-14.29.47:816][  0]LogPackFactory: Copied "../../../Samples/StarterContent/Content/StarterContent/Particles/Materials/M_Heat_Distortion.uasset" to "../../../../../../Users/adam/Desktop/UnrealEngineProject/UnrealEngine/Group_playground/Content/StarterContent/Particles/Materials/M_Heat_Distortion.uasset"
[2015.11.21-14.29.47:840][  0]LogPackFactory: Copied "../../../Samples/StarterContent/Content/StarterContent/Particles/Materials/M_Radial_Gradient.uasset" to "../../../../../../Users/adam/Desktop/UnrealEngineProject/UnrealEngine/Group_playground/Content/StarterContent/Particles/Materials/M_Radial_Gradient.uasset"
[2015.11.21-14.29.47:846][  0]LogPackFactory: Copied "../../../Samples/StarterContent/Content/StarterContent/Particles/Materials/M_radial_ramp.uasset" to "../../../../../../Users/adam/Desktop/UnrealEngineProject/UnrealEngine/Group_playground/Content/StarterContent/Particles/Materials/M_radial_ramp.uasset"
[2015.11.21-14.29.47:852][  0]LogPackFactory: Copied "../../../Samples/StarterContent/Content/StarterContent/Particles/Materials/M_smoke_subUV.uasset" to "../../../../../../Users/adam/Desktop/UnrealEngineProject/UnrealEngine/Group_playground/Content/StarterContent/Particles/Materials/M_smoke_subUV.uasset"
[2015.11.21-14.29.47:884][  0]LogPackFactory: Copied "../../../Samples/StarterContent/Content/StarterContent/Particles/Materials/M_Spark.uasset" to "../../../../../../Users/adam/Desktop/UnrealEngineProject/UnrealEngine/Group_playground/Content/StarterContent/Particles/Materials/M_Spark.uasset"
[2015.11.21-14.29.47:971][  0]LogPackFactory: Copied "../../../Samples/StarterContent/Content/StarterContent/Props/MaterialSphere.uasset" to "../../../../../../Users/adam/Desktop/UnrealEngineProject/UnrealEngine/Group_playground/Content/StarterContent/Props/MaterialSphere.uasset"
[2015.11.21-14.29.48:006][  0]LogPackFactory: Copied "../../../Samples/StarterContent/Content/StarterContent/Props/SM_Bush.uasset" to "../../../../../../Users/adam/Desktop/UnrealEngineProject/UnrealEngine/Group_playground/Content/StarterContent/Props/SM_Bush.uasset"
[2015.11.21-14.29.48:089][  0]LogPackFactory: Copied "../../../Samples/StarterContent/Content/StarterContent/Props/SM_Chair.uasset" to "../../../../../../Users/adam/Desktop/UnrealEngineProject/UnrealEngine/Group_playground/Content/StarterContent/Props/SM_Chair.uasset"
[2015.11.21-14.29.48:193][  0]LogPackFactory: Copied "../../../Samples/StarterContent/Content/StarterContent/Props/SM_CornerFrame.uasset" to "../../../../../../Users/adam/Desktop/UnrealEngineProject/UnrealEngine/Group_playground/Content/StarterContent/Props/SM_CornerFrame.uasset"
[2015.11.21-14.29.48:212][  0]LogPackFactory: Copied "../../../Samples/StarterContent/Content/StarterContent/Props/SM_Couch.uasset" to "../../../../../../Users/adam/Desktop/UnrealEngineProject/UnrealEngine/Group_playground/Content/StarterContent/Props/SM_Couch.uasset"
[2015.11.21-14.29.48:260][  0]LogPackFactory: Copied "../../../Samples/StarterContent/Content/StarterContent/Props/SM_Door.uasset" to "../../../../../../Users/adam/Desktop/UnrealEngineProject/UnrealEngine/Group_playground/Content/StarterContent/Props/SM_Door.uasset"
[2015.11.21-14.29.48:429][  0]LogPackFactory: Copied "../../../Samples/StarterContent/Content/StarterContent/Props/SM_DoorFrame.uasset" to "../../../../../../Users/adam/Desktop/UnrealEngineProject/UnrealEngine/Group_playground/Content/StarterContent/Props/SM_DoorFrame.uasset"
[2015.11.21-14.29.48:490][  0]LogPackFactory: Copied "../../../Samples/StarterContent/Content/StarterContent/Props/SM_GlassWindow.uasset" to "../../../../../../Users/adam/Desktop/UnrealEngineProject/UnrealEngine/Group_playground/Content/StarterContent/Props/SM_GlassWindow.uasset"
[2015.11.21-14.29.48:533][  0]LogPackFactory: Copied "../../../Samples/StarterContent/Content/StarterContent/Props/SM_Lamp_Ceiling.uasset" to "../../../../../../Users/adam/Desktop/UnrealEngineProject/UnrealEngine/Group_playground/Content/StarterContent/Props/SM_Lamp_Ceiling.uasset"
[2015.11.21-14.29.48:614][  0]LogPackFactory: Copied "../../../Samples/StarterContent/Content/StarterContent/Props/SM_Lamp_Wall.uasset" to "../../../../../../Users/adam/Desktop/UnrealEngineProject/UnrealEngine/Group_playground/Content/StarterContent/Props/SM_Lamp_Wall.uasset"
[2015.11.21-14.29.49:063][  0]LogPackFactory: Copied "../../../Samples/StarterContent/Content/StarterContent/Props/SM_MatPreviewMesh_02.uasset" to "../../../../../../Users/adam/Desktop/UnrealEngineProject/UnrealEngine/Group_playground/Content/StarterContent/Props/SM_MatPreviewMesh_02.uasset"
[2015.11.21-14.29.49:125][  0]LogPackFactory: Copied "../../../Samples/StarterContent/Content/StarterContent/Props/SM_PillarFrame.uasset" to "../../../../../../Users/adam/Desktop/UnrealEngineProject/UnrealEngine/Group_playground/Content/StarterContent/Props/SM_PillarFrame.uasset"
[2015.11.21-14.29.49:180][  0]LogPackFactory: Copied "../../../Samples/StarterContent/Content/StarterContent/Props/SM_PillarFrame300.uasset" to "../../../../../../Users/adam/Desktop/UnrealEngineProject/UnrealEngine/Group_playground/Content/StarterContent/Props/SM_PillarFrame300.uasset"
[2015.11.21-14.29.49:217][  0]LogPackFactory: Copied "../../../Samples/StarterContent/Content/StarterContent/Props/SM_Rock.uasset" to "../../../../../../Users/adam/Desktop/UnrealEngineProject/UnrealEngine/Group_playground/Content/StarterContent/Props/SM_Rock.uasset"
[2015.11.21-14.29.49:254][  0]LogPackFactory: Copied "../../../Samples/StarterContent/Content/StarterContent/Props/SM_Shelf.uasset" to "../../../../../../Users/adam/Desktop/UnrealEngineProject/UnrealEngine/Group_playground/Content/StarterContent/Props/SM_Shelf.uasset"
[2015.11.21-14.29.49:316][  0]LogPackFactory: Copied "../../../Samples/StarterContent/Content/StarterContent/Props/SM_Stairs.uasset" to "../../../../../../Users/adam/Desktop/UnrealEngineProject/UnrealEngine/Group_playground/Content/StarterContent/Props/SM_Stairs.uasset"
[2015.11.21-14.29.49:426][  0]LogPackFactory: Copied "../../../Samples/StarterContent/Content/StarterContent/Props/SM_Statue.uasset" to "../../../../../../Users/adam/Desktop/UnrealEngineProject/UnrealEngine/Group_playground/Content/StarterContent/Props/SM_Statue.uasset"
[2015.11.21-14.29.49:551][  0]LogPackFactory: Copied "../../../Samples/StarterContent/Content/StarterContent/Props/SM_TableRound.uasset" to "../../../../../../Users/adam/Desktop/UnrealEngineProject/UnrealEngine/Group_playground/Content/StarterContent/Props/SM_TableRound.uasset"
[2015.11.21-14.29.49:573][  0]LogPackFactory: Copied "../../../Samples/StarterContent/Content/StarterContent/Props/SM_WindowFrame.uasset" to "../../../../../../Users/adam/Desktop/UnrealEngineProject/UnrealEngine/Group_playground/Content/StarterContent/Props/SM_WindowFrame.uasset"
[2015.11.21-14.29.49:648][  0]LogPackFactory: Copied "../../../Samples/StarterContent/Content/StarterContent/Props/Materials/M_Bush.uasset" to "../../../../../../Users/adam/Desktop/UnrealEngineProject/UnrealEngine/Group_playground/Content/StarterContent/Props/Materials/M_Bush.uasset"
[2015.11.21-14.29.49:672][  0]LogPackFactory: Copied "../../../Samples/StarterContent/Content/StarterContent/Props/Materials/M_Chair.uasset" to "../../../../../../Users/adam/Desktop/UnrealEngineProject/UnrealEngine/Group_playground/Content/StarterContent/Props/Materials/M_Chair.uasset"
[2015.11.21-14.29.49:695][  0]LogPackFactory: Copied "../../../Samples/StarterContent/Content/StarterContent/Props/Materials/M_Door.uasset" to "../../../../../../Users/adam/Desktop/UnrealEngineProject/UnrealEngine/Group_playground/Content/StarterContent/Props/Materials/M_Door.uasset"
[2015.11.21-14.29.49:712][  0]LogPackFactory: Copied "../../../Samples/StarterContent/Content/StarterContent/Props/Materials/M_Frame.uasset" to "../../../../../../Users/adam/Desktop/UnrealEngineProject/UnrealEngine/Group_playground/Content/StarterContent/Props/Materials/M_Frame.uasset"
[2015.11.21-14.29.49:732][  0]LogPackFactory: Copied "../../../Samples/StarterContent/Content/StarterContent/Props/Materials/M_Lamp.uasset" to "../../../../../../Users/adam/Desktop/UnrealEngineProject/UnrealEngine/Group_playground/Content/StarterContent/Props/Materials/M_Lamp.uasset"
[2015.11.21-14.29.49:756][  0]LogPackFactory: Copied "../../../Samples/StarterContent/Content/StarterContent/Props/Materials/M_MaterialSphere.uasset" to "../../../../../../Users/adam/Desktop/UnrealEngineProject/UnrealEngine/Group_playground/Content/StarterContent/Props/Materials/M_MaterialSphere.uasset"
[2015.11.21-14.29.49:792][  0]LogPackFactory: Copied "../../../Samples/StarterContent/Content/StarterContent/Props/Materials/M_MaterialSphere_Plain.uasset" to "../../../../../../Users/adam/Desktop/UnrealEngineProject/UnrealEngine/Group_playground/Content/StarterContent/Props/Materials/M_MaterialSphere_Plain.uasset"
[2015.11.21-14.29.49:842][  0]LogPackFactory: Copied "../../../Samples/StarterContent/Content/StarterContent/Props/Materials/M_Rock.uasset" to "../../../../../../Users/adam/Desktop/UnrealEngineProject/UnrealEngine/Group_playground/Content/StarterContent/Props/Materials/M_Rock.uasset"
[2015.11.21-14.29.49:874][  0]LogPackFactory: Copied "../../../Samples/StarterContent/Content/StarterContent/Props/Materials/M_Shelf.uasset" to "../../../../../../Users/adam/Desktop/UnrealEngineProject/UnrealEngine/Group_playground/Content/StarterContent/Props/Materials/M_Shelf.uasset"
[2015.11.21-14.29.49:941][  0]LogPackFactory: Copied "../../../Samples/StarterContent/Content/StarterContent/Props/Materials/M_Statue.uasset" to "../../../../../../Users/adam/Desktop/UnrealEngineProject/UnrealEngine/Group_playground/Content/StarterContent/Props/Materials/M_Statue.uasset"
[2015.11.21-14.29.49:985][  0]LogPackFactory: Copied "../../../Samples/StarterContent/Content/StarterContent/Props/Materials/M_StatueGlass.uasset" to "../../../../../../Users/adam/Desktop/UnrealEngineProject/UnrealEngine/Group_playground/Content/StarterContent/Props/Materials/M_StatueGlass.uasset"
[2015.11.21-14.29.50:025][  0]LogPackFactory: Copied "../../../Samples/StarterContent/Content/StarterContent/Props/Materials/M_TableRound.uasset" to "../../../../../../Users/adam/Desktop/UnrealEngineProject/UnrealEngine/Group_playground/Content/StarterContent/Props/Materials/M_TableRound.uasset"
[2015.11.21-14.29.50:049][  0]LogPackFactory: Copied "../../../Samples/StarterContent/Content/StarterContent/Shapes/Shape_Cone.uasset" to "../../../../../../Users/adam/Desktop/UnrealEngineProject/UnrealEngine/Group_playground/Content/StarterContent/Shapes/Shape_Cone.uasset"
[2015.11.21-14.29.50:052][  0]LogPackFactory: Copied "../../../Samples/StarterContent/Content/StarterContent/Shapes/Shape_Cube.uasset" to "../../../../../../Users/adam/Desktop/UnrealEngineProject/UnrealEngine/Group_playground/Content/StarterContent/Shapes/Shape_Cube.uasset"
[2015.11.21-14.29.50:173][  0]LogPackFactory: Copied "../../../Samples/StarterContent/Content/StarterContent/Shapes/Shape_Cylinder.uasset" to "../../../../../../Users/adam/Desktop/UnrealEngineProject/UnrealEngine/Group_playground/Content/StarterContent/Shapes/Shape_Cylinder.uasset"
[2015.11.21-14.29.50:322][  0]LogPackFactory: Copied "../../../Samples/StarterContent/Content/StarterContent/Shapes/Shape_NarrowCapsule.uasset" to "../../../../../../Users/adam/Desktop/UnrealEngineProject/UnrealEngine/Group_playground/Content/StarterContent/Shapes/Shape_NarrowCapsule.uasset"
[2015.11.21-14.29.50:332][  0]LogPackFactory: Copied "../../../Samples/StarterContent/Content/StarterContent/Shapes/Shape_Pipe.uasset" to "../../../../../../Users/adam/Desktop/UnrealEngineProject/UnrealEngine/Group_playground/Content/StarterContent/Shapes/Shape_Pipe.uasset"
[2015.11.21-14.29.50:401][  0]LogPackFactory: Copied "../../../Samples/StarterContent/Content/StarterContent/Shapes/Shape_Pipe_180.uasset" to "../../../../../../Users/adam/Desktop/UnrealEngineProject/UnrealEngine/Group_playground/Content/StarterContent/Shapes/Shape_Pipe_180.uasset"
[2015.11.21-14.29.50:425][  0]LogPackFactory: Copied "../../../Samples/StarterContent/Content/StarterContent/Shapes/Shape_Pipe_90.uasset" to "../../../../../../Users/adam/Desktop/UnrealEngineProject/UnrealEngine/Group_playground/Content/StarterContent/Shapes/Shape_Pipe_90.uasset"
[2015.11.21-14.29.50:450][  0]LogPackFactory: Copied "../../../Samples/StarterContent/Content/StarterContent/Shapes/Shape_Plane.uasset" to "../../../../../../Users/adam/Desktop/UnrealEngineProject/UnrealEngine/Group_playground/Content/StarterContent/Shapes/Shape_Plane.uasset"
[2015.11.21-14.29.50:468][  0]LogPackFactory: Copied "../../../Samples/StarterContent/Content/StarterContent/Shapes/Shape_QuadPyramid.uasset" to "../../../../../../Users/adam/Desktop/UnrealEngineProject/UnrealEngine/Group_playground/Content/StarterContent/Shapes/Shape_QuadPyramid.uasset"
[2015.11.21-14.29.50:512][  0]LogPackFactory: Copied "../../../Samples/StarterContent/Content/StarterContent/Shapes/Shape_Sphere.uasset" to "../../../../../../Users/adam/Desktop/UnrealEngineProject/UnrealEngine/Group_playground/Content/StarterContent/Shapes/Shape_Sphere.uasset"
[2015.11.21-14.29.50:633][  0]LogPackFactory: Copied "../../../Samples/StarterContent/Content/StarterContent/Shapes/Shape_Torus.uasset" to "../../../../../../Users/adam/Desktop/UnrealEngineProject/UnrealEngine/Group_playground/Content/StarterContent/Shapes/Shape_Torus.uasset"
[2015.11.21-14.29.50:680][  0]LogPackFactory: Copied "../../../Samples/StarterContent/Content/StarterContent/Shapes/Shape_Trim.uasset" to "../../../../../../Users/adam/Desktop/UnrealEngineProject/UnrealEngine/Group_playground/Content/StarterContent/Shapes/Shape_Trim.uasset"
[2015.11.21-14.29.50:703][  0]LogPackFactory: Copied "../../../Samples/StarterContent/Content/StarterContent/Shapes/Shape_Trim_90_In.uasset" to "../../../../../../Users/adam/Desktop/UnrealEngineProject/UnrealEngine/Group_playground/Content/StarterContent/Shapes/Shape_Trim_90_In.uasset"
[2015.11.21-14.29.50:722][  0]LogPackFactory: Copied "../../../Samples/StarterContent/Content/StarterContent/Shapes/Shape_Trim_90_Out.uasset" to "../../../../../../Users/adam/Desktop/UnrealEngineProject/UnrealEngine/Group_playground/Content/StarterContent/Shapes/Shape_Trim_90_Out.uasset"
[2015.11.21-14.29.50:729][  0]LogPackFactory: Copied "../../../Samples/StarterContent/Content/StarterContent/Shapes/Shape_TriPyramid.uasset" to "../../../../../../Users/adam/Desktop/UnrealEngineProject/UnrealEngine/Group_playground/Content/StarterContent/Shapes/Shape_TriPyramid.uasset"
[2015.11.21-14.29.50:762][  0]LogPackFactory: Copied "../../../Samples/StarterContent/Content/StarterContent/Shapes/Shape_Tube.uasset" to "../../../../../../Users/adam/Desktop/UnrealEngineProject/UnrealEngine/Group_playground/Content/StarterContent/Shapes/Shape_Tube.uasset"
[2015.11.21-14.29.50:811][  0]LogPackFactory: Copied "../../../Samples/StarterContent/Content/StarterContent/Shapes/Shape_Wedge_A.uasset" to "../../../../../../Users/adam/Desktop/UnrealEngineProject/UnrealEngine/Group_playground/Content/StarterContent/Shapes/Shape_Wedge_A.uasset"
[2015.11.21-14.29.50:839][  0]LogPackFactory: Copied "../../../Samples/StarterContent/Content/StarterContent/Shapes/Shape_Wedge_B.uasset" to "../../../../../../Users/adam/Desktop/UnrealEngineProject/UnrealEngine/Group_playground/Content/StarterContent/Shapes/Shape_Wedge_B.uasset"
[2015.11.21-14.29.50:909][  0]LogPackFactory: Copied "../../../Samples/StarterContent/Content/StarterContent/Shapes/Shape_WideCapsule.uasset" to "../../../../../../Users/adam/Desktop/UnrealEngineProject/UnrealEngine/Group_playground/Content/StarterContent/Shapes/Shape_WideCapsule.uasset"
[2015.11.21-14.29.52:095][  0]LogPackFactory: Copied "../../../Samples/StarterContent/Content/StarterContent/Textures/T_Brick_Clay_Beveled_D.uasset" to "../../../../../../Users/adam/Desktop/UnrealEngineProject/UnrealEngine/Group_playground/Content/StarterContent/Textures/T_Brick_Clay_Beveled_D.uasset"
[2015.11.21-14.29.53:328][  0]LogPackFactory: Copied "../../../Samples/StarterContent/Content/StarterContent/Textures/T_Brick_Clay_Beveled_M.uasset" to "../../../../../../Users/adam/Desktop/UnrealEngineProject/UnrealEngine/Group_playground/Content/StarterContent/Textures/T_Brick_Clay_Beveled_M.uasset"
[2015.11.21-14.29.54:025][  0]LogPackFactory: Copied "../../../Samples/StarterContent/Content/StarterContent/Textures/T_Brick_Clay_Beveled_N.uasset" to "../../../../../../Users/adam/Desktop/UnrealEngineProject/UnrealEngine/Group_playground/Content/StarterContent/Textures/T_Brick_Clay_Beveled_N.uasset"
[2015.11.21-14.29.55:557][  0]LogPackFactory: Copied "../../../Samples/StarterContent/Content/StarterContent/Textures/T_Brick_Clay_New_D.uasset" to "../../../../../../Users/adam/Desktop/UnrealEngineProject/UnrealEngine/Group_playground/Content/StarterContent/Textures/T_Brick_Clay_New_D.uasset"
[2015.11.21-14.29.57:503][  0]LogPackFactory: Copied "../../../Samples/StarterContent/Content/StarterContent/Textures/T_Brick_Clay_New_M.uasset" to "../../../../../../Users/adam/Desktop/UnrealEngineProject/UnrealEngine/Group_playground/Content/StarterContent/Textures/T_Brick_Clay_New_M.uasset"
[2015.11.21-14.29.57:768][  0]LogPackFactory: Copied "../../../Samples/StarterContent/Content/StarterContent/Textures/T_Brick_Clay_New_N.uasset" to "../../../../../../Users/adam/Desktop/UnrealEngineProject/UnrealEngine/Group_playground/Content/StarterContent/Textures/T_Brick_Clay_New_N.uasset"
[2015.11.21-14.29.59:076][  0]LogPackFactory: Copied "../../../Samples/StarterContent/Content/StarterContent/Textures/T_Brick_Clay_Old_D.uasset" to "../../../../../../Users/adam/Desktop/UnrealEngineProject/UnrealEngine/Group_playground/Content/StarterContent/Textures/T_Brick_Clay_Old_D.uasset"
[2015.11.21-14.30.00:419][  0]LogPackFactory: Copied "../../../Samples/StarterContent/Content/StarterContent/Textures/T_Brick_Clay_Old_N.uasset" to "../../../../../../Users/adam/Desktop/UnrealEngineProject/UnrealEngine/Group_playground/Content/StarterContent/Textures/T_Brick_Clay_Old_N.uasset"
[2015.11.21-14.30.01:680][  0]LogPackFactory: Copied "../../../Samples/StarterContent/Content/StarterContent/Textures/T_Brick_Cut_Stone_D.uasset" to "../../../../../../Users/adam/Desktop/UnrealEngineProject/UnrealEngine/Group_playground/Content/StarterContent/Textures/T_Brick_Cut_Stone_D.uasset"
[2015.11.21-14.30.02:624][  0]LogPackFactory: Copied "../../../Samples/StarterContent/Content/StarterContent/Textures/T_Brick_Cut_Stone_N.uasset" to "../../../../../../Users/adam/Desktop/UnrealEngineProject/UnrealEngine/Group_playground/Content/StarterContent/Textures/T_Brick_Cut_Stone_N.uasset"
[2015.11.21-14.30.02:893][  0]LogPackFactory: Copied "../../../Samples/StarterContent/Content/StarterContent/Textures/T_Brick_Hewn_Stone_D.uasset" to "../../../../../../Users/adam/Desktop/UnrealEngineProject/UnrealEngine/Group_playground/Content/StarterContent/Textures/T_Brick_Hewn_Stone_D.uasset"
[2015.11.21-14.30.03:161][  0]LogPackFactory: Copied "../../../Samples/StarterContent/Content/StarterContent/Textures/T_Brick_Hewn_Stone_M.uasset" to "../../../../../../Users/adam/Desktop/UnrealEngineProject/UnrealEngine/Group_playground/Content/StarterContent/Textures/T_Brick_Hewn_Stone_M.uasset"
[2015.11.21-14.30.03:306][  0]LogPackFactory: Copied "../../../Samples/StarterContent/Content/StarterContent/Textures/T_Brick_Hewn_Stone_N.uasset" to "../../../../../../Users/adam/Desktop/UnrealEngineProject/UnrealEngine/Group_playground/Content/StarterContent/Textures/T_Brick_Hewn_Stone_N.uasset"
[2015.11.21-14.30.03:336][  0]LogPackFactory: Copied "../../../Samples/StarterContent/Content/StarterContent/Textures/T_Burst_M.uasset" to "../../../../../../Users/adam/Desktop/UnrealEngineProject/UnrealEngine/Group_playground/Content/StarterContent/Textures/T_Burst_M.uasset"
[2015.11.21-14.30.03:367][  0]LogPackFactory: Copied "../../../Samples/StarterContent/Content/StarterContent/Textures/T_Bush_D.uasset" to "../../../../../../Users/adam/Desktop/UnrealEngineProject/UnrealEngine/Group_playground/Content/StarterContent/Textures/T_Bush_D.uasset"
[2015.11.21-14.30.03:416][  0]LogPackFactory: Copied "../../../Samples/StarterContent/Content/StarterContent/Textures/T_Bush_N.uasset" to "../../../../../../Users/adam/Desktop/UnrealEngineProject/UnrealEngine/Group_playground/Content/StarterContent/Textures/T_Bush_N.uasset"
[2015.11.21-14.30.03:486][  0]LogPackFactory: Copied "../../../Samples/StarterContent/Content/StarterContent/Textures/T_Ceramic_Tile_M.uasset" to "../../../../../../Users/adam/Desktop/UnrealEngineProject/UnrealEngine/Group_playground/Content/StarterContent/Textures/T_Ceramic_Tile_M.uasset"
[2015.11.21-14.30.03:500][  0]LogPackFactory: Copied "../../../Samples/StarterContent/Content/StarterContent/Textures/T_Ceramic_Tile_N.uasset" to "../../../../../../Users/adam/Desktop/UnrealEngineProject/UnrealEngine/Group_playground/Content/StarterContent/Textures/T_Ceramic_Tile_N.uasset"
[2015.11.21-14.30.03:550][  0]LogPackFactory: Copied "../../../Samples/StarterContent/Content/StarterContent/Textures/T_Chair_M.uasset" to "../../../../../../Users/adam/Desktop/UnrealEngineProject/UnrealEngine/Group_playground/Content/StarterContent/Textures/T_Chair_M.uasset"
[2015.11.21-14.30.03:599][  0]LogPackFactory: Copied "../../../Samples/StarterContent/Content/StarterContent/Textures/T_Chair_N.uasset" to "../../../../../../Users/adam/Desktop/UnrealEngineProject/UnrealEngine/Group_playground/Content/StarterContent/Textures/T_Chair_N.uasset"
[2015.11.21-14.30.03:622][  0]LogPackFactory: Copied "../../../Samples/StarterContent/Content/StarterContent/Textures/T_Checker_Noise_M.uasset" to "../../../../../../Users/adam/Desktop/UnrealEngineProject/UnrealEngine/Group_playground/Content/StarterContent/Textures/T_Checker_Noise_M.uasset"
[2015.11.21-14.30.03:802][  0]LogPackFactory: Copied "../../../Samples/StarterContent/Content/StarterContent/Textures/T_CobbleStone_Pebble_D.uasset" to "../../../../../../Users/adam/Desktop/UnrealEngineProject/UnrealEngine/Group_playground/Content/StarterContent/Textures/T_CobbleStone_Pebble_D.uasset"
[2015.11.21-14.30.03:889][  0]LogPackFactory: Copied "../../../Samples/StarterContent/Content/StarterContent/Textures/T_CobbleStone_Pebble_M.uasset" to "../../../../../../Users/adam/Desktop/UnrealEngineProject/UnrealEngine/Group_playground/Content/StarterContent/Textures/T_CobbleStone_Pebble_M.uasset"
[2015.11.21-14.30.04:066][  0]LogPackFactory: Copied "../../../Samples/StarterContent/Content/StarterContent/Textures/T_CobbleStone_Pebble_N.uasset" to "../../../../../../Users/adam/Desktop/UnrealEngineProject/UnrealEngine/Group_playground/Content/StarterContent/Textures/T_CobbleStone_Pebble_N.uasset"
[2015.11.21-14.30.04:696][  0]LogPackFactory: Copied "../../../Samples/StarterContent/Content/StarterContent/Textures/T_CobbleStone_Rough_D.uasset" to "../../../../../../Users/adam/Desktop/UnrealEngineProject/UnrealEngine/Group_playground/Content/StarterContent/Textures/T_CobbleStone_Rough_D.uasset"
[2015.11.21-14.30.04:964][  0]LogPackFactory: Copied "../../../Samples/StarterContent/Content/StarterContent/Textures/T_CobbleStone_Rough_N.uasset" to "../../../../../../Users/adam/Desktop/UnrealEngineProject/UnrealEngine/Group_playground/Content/StarterContent/Textures/T_CobbleStone_Rough_N.uasset"
[2015.11.21-14.30.05:088][  0]LogPackFactory: Copied "../../../Samples/StarterContent/Content/StarterContent/Textures/T_CobbleStone_Smooth_D.uasset" to "../../../../../../Users/adam/Desktop/UnrealEngineProject/UnrealEngine/Group_playground/Content/StarterContent/Textures/T_CobbleStone_Smooth_D.uasset"
[2015.11.21-14.30.05:171][  0]LogPackFactory: Copied "../../../Samples/StarterContent/Content/StarterContent/Textures/T_CobbleStone_Smooth_M.uasset" to "../../../../../../Users/adam/Desktop/UnrealEngineProject/UnrealEngine/Group_playground/Content/StarterContent/Textures/T_CobbleStone_Smooth_M.uasset"
[2015.11.21-14.30.05:306][  0]LogPackFactory: Copied "../../../Samples/StarterContent/Content/StarterContent/Textures/T_CobbleStone_Smooth_N.uasset" to "../../../../../../Users/adam/Desktop/UnrealEngineProject/UnrealEngine/Group_playground/Content/StarterContent/Textures/T_CobbleStone_Smooth_N.uasset"
[2015.11.21-14.30.05:664][  0]LogPackFactory: Copied "../../../Samples/StarterContent/Content/StarterContent/Textures/T_Concrete_Grime_D.uasset" to "../../../../../../Users/adam/Desktop/UnrealEngineProject/UnrealEngine/Group_playground/Content/StarterContent/Textures/T_Concrete_Grime_D.uasset"
[2015.11.21-14.30.06:249][  0]LogPackFactory: Copied "../../../Samples/StarterContent/Content/StarterContent/Textures/T_Concrete_Panels_D.uasset" to "../../../../../../Users/adam/Desktop/UnrealEngineProject/UnrealEngine/Group_playground/Content/StarterContent/Textures/T_Concrete_Panels_D.uasset"
[2015.11.21-14.30.06:482][  0]LogPackFactory: Copied "../../../Samples/StarterContent/Content/StarterContent/Textures/T_Concrete_Panels_N.uasset" to "../../../../../../Users/adam/Desktop/UnrealEngineProject/UnrealEngine/Group_playground/Content/StarterContent/Textures/T_Concrete_Panels_N.uasset"
[2015.11.21-14.30.06:758][  0]LogPackFactory: Copied "../../../Samples/StarterContent/Content/StarterContent/Textures/T_Concrete_Poured_D.uasset" to "../../../../../../Users/adam/Desktop/UnrealEngineProject/UnrealEngine/Group_playground/Content/StarterContent/Textures/T_Concrete_Poured_D.uasset"
[2015.11.21-14.30.07:423][  0]LogPackFactory: Copied "../../../Samples/StarterContent/Content/StarterContent/Textures/T_Concrete_Poured_N.uasset" to "../../../../../../Users/adam/Desktop/UnrealEngineProject/UnrealEngine/Group_playground/Content/StarterContent/Textures/T_Concrete_Poured_N.uasset"
[2015.11.21-14.30.08:050][  0]LogPackFactory: Copied "../../../Samples/StarterContent/Content/StarterContent/Textures/T_Concrete_Tiles_D.uasset" to "../../../../../../Users/adam/Desktop/UnrealEngineProject/UnrealEngine/Group_playground/Content/StarterContent/Textures/T_Concrete_Tiles_D.uasset"
[2015.11.21-14.30.08:155][  0]LogPackFactory: Copied "../../../Samples/StarterContent/Content/StarterContent/Textures/T_Concrete_Tiles_M.uasset" to "../../../../../../Users/adam/Desktop/UnrealEngineProject/UnrealEngine/Group_playground/Content/StarterContent/Textures/T_Concrete_Tiles_M.uasset"
[2015.11.21-14.30.08:556][  0]LogPackFactory: Copied "../../../Samples/StarterContent/Content/StarterContent/Textures/T_Concrete_Tiles_N.uasset" to "../../../../../../Users/adam/Desktop/UnrealEngineProject/UnrealEngine/Group_playground/Content/StarterContent/Textures/T_Concrete_Tiles_N.uasset"
[2015.11.21-14.30.08:672][  0]LogPackFactory: Copied "../../../Samples/StarterContent/Content/StarterContent/Textures/T_Concrete_Tiles_Variation_M.uasset" to "../../../../../../Users/adam/Desktop/UnrealEngineProject/UnrealEngine/Group_playground/Content/StarterContent/Textures/T_Concrete_Tiles_Variation_M.uasset"
[2015.11.21-14.30.09:020][  0]LogPackFactory: Copied "../../../Samples/StarterContent/Content/StarterContent/Textures/T_Detail_Rocky_N.uasset" to "../../../../../../Users/adam/Desktop/UnrealEngineProject/UnrealEngine/Group_playground/Content/StarterContent/Textures/T_Detail_Rocky_N.uasset"
[2015.11.21-14.30.09:060][  0]LogPackFactory: Copied "../../../Samples/StarterContent/Content/StarterContent/Textures/T_Door_M.uasset" to "../../../../../../Users/adam/Desktop/UnrealEngineProject/UnrealEngine/Group_playground/Content/StarterContent/Textures/T_Door_M.uasset"
[2015.11.21-14.30.09:100][  0]LogPackFactory: Copied "../../../Samples/StarterContent/Content/StarterContent/Textures/T_Door_N.uasset" to "../../../../../../Users/adam/Desktop/UnrealEngineProject/UnrealEngine/Group_playground/Content/StarterContent/Textures/T_Door_N.uasset"
[2015.11.21-14.30.09:115][  0]LogPackFactory: Copied "../../../Samples/StarterContent/Content/StarterContent/Textures/T_Dust_Particle_D.uasset" to "../../../../../../Users/adam/Desktop/UnrealEngineProject/UnrealEngine/Group_playground/Content/StarterContent/Textures/T_Dust_Particle_D.uasset"
[2015.11.21-14.30.09:216][  0]LogPackFactory: Copied "../../../Samples/StarterContent/Content/StarterContent/Textures/T_Explosion_SubUV.uasset" to "../../../../../../Users/adam/Desktop/UnrealEngineProject/UnrealEngine/Group_playground/Content/StarterContent/Textures/T_Explosion_SubUV.uasset"
[2015.11.21-14.30.09:250][  0]LogPackFactory: Copied "../../../Samples/StarterContent/Content/StarterContent/Textures/T_Fire_SubUV.uasset" to "../../../../../../Users/adam/Desktop/UnrealEngineProject/UnrealEngine/Group_playground/Content/StarterContent/Textures/T_Fire_SubUV.uasset"
[2015.11.21-14.30.09:316][  0]LogPackFactory: Copied "../../../Samples/StarterContent/Content/StarterContent/Textures/T_Fire_Tiled_D.uasset" to "../../../../../../Users/adam/Desktop/UnrealEngineProject/UnrealEngine/Group_playground/Content/StarterContent/Textures/T_Fire_Tiled_D.uasset"
[2015.11.21-14.30.09:365][  0]LogPackFactory: Copied "../../../Samples/StarterContent/Content/StarterContent/Textures/T_Frame_M.uasset" to "../../../../../../Users/adam/Desktop/UnrealEngineProject/UnrealEngine/Group_playground/Content/StarterContent/Textures/T_Frame_M.uasset"
[2015.11.21-14.30.09:438][  0]LogPackFactory: Copied "../../../Samples/StarterContent/Content/StarterContent/Textures/T_Frame_N.uasset" to "../../../../../../Users/adam/Desktop/UnrealEngineProject/UnrealEngine/Group_playground/Content/StarterContent/Textures/T_Frame_N.uasset"
[2015.11.21-14.30.09:461][  0]LogPackFactory: Copied "../../../Samples/StarterContent/Content/StarterContent/Textures/T_Gradinet_01.uasset" to "../../../../../../Users/adam/Desktop/UnrealEngineProject/UnrealEngine/Group_playground/Content/StarterContent/Textures/T_Gradinet_01.uasset"
[2015.11.21-14.30.09:757][  0]LogPackFactory: Copied "../../../Samples/StarterContent/Content/StarterContent/Textures/T_Ground_Grass_D.uasset" to "../../../../../../Users/adam/Desktop/UnrealEngineProject/UnrealEngine/Group_playground/Content/StarterContent/Textures/T_Ground_Grass_D.uasset"
[2015.11.21-14.30.10:577][  0]LogPackFactory: Copied "../../../Samples/StarterContent/Content/StarterContent/Textures/T_Ground_Grass_N.uasset" to "../../../../../../Users/adam/Desktop/UnrealEngineProject/UnrealEngine/Group_playground/Content/StarterContent/Textures/T_Ground_Grass_N.uasset"
[2015.11.21-14.30.10:819][  0]LogPackFactory: Copied "../../../Samples/StarterContent/Content/StarterContent/Textures/T_Ground_Gravel_D.uasset" to "../../../../../../Users/adam/Desktop/UnrealEngineProject/UnrealEngine/Group_playground/Content/StarterContent/Textures/T_Ground_Gravel_D.uasset"
[2015.11.21-14.30.11:166][  0]LogPackFactory: Copied "../../../Samples/StarterContent/Content/StarterContent/Textures/T_Ground_Gravel_N.uasset" to "../../../../../../Users/adam/Desktop/UnrealEngineProject/UnrealEngine/Group_playground/Content/StarterContent/Textures/T_Ground_Gravel_N.uasset"
[2015.11.21-14.30.12:069][  0]LogPackFactory: Copied "../../../Samples/StarterContent/Content/StarterContent/Textures/T_ground_Moss_D.uasset" to "../../../../../../Users/adam/Desktop/UnrealEngineProject/UnrealEngine/Group_playground/Content/StarterContent/Textures/T_ground_Moss_D.uasset"
[2015.11.21-14.30.13:023][  0]LogPackFactory: Copied "../../../Samples/StarterContent/Content/StarterContent/Textures/T_Ground_Moss_N.uasset" to "../../../../../../Users/adam/Desktop/UnrealEngineProject/UnrealEngine/Group_playground/Content/StarterContent/Textures/T_Ground_Moss_N.uasset"
[2015.11.21-14.30.13:477][  0]LogPackFactory: Copied "../../../Samples/StarterContent/Content/StarterContent/Textures/T_Lamp_M.uasset" to "../../../../../../Users/adam/Desktop/UnrealEngineProject/UnrealEngine/Group_playground/Content/StarterContent/Textures/T_Lamp_M.uasset"
[2015.11.21-14.30.13:549][  0]LogPackFactory: Copied "../../../Samples/StarterContent/Content/StarterContent/Textures/T_Lamp_N.uasset" to "../../../../../../Users/adam/Desktop/UnrealEngineProject/UnrealEngine/Group_playground/Content/StarterContent/Textures/T_Lamp_N.uasset"
[2015.11.21-14.30.13:793][  0]LogPackFactory: Copied "../../../Samples/StarterContent/Content/StarterContent/Textures/T_MacroVariation.uasset" to "../../../../../../Users/adam/Desktop/UnrealEngineProject/UnrealEngine/Group_playground/Content/StarterContent/Textures/T_MacroVariation.uasset"
[2015.11.21-14.30.14:447][  0]LogPackFactory: Copied "../../../Samples/StarterContent/Content/StarterContent/Textures/T_Metal_Aluminum_D.uasset" to "../../../../../../Users/adam/Desktop/UnrealEngineProject/UnrealEngine/Group_playground/Content/StarterContent/Textures/T_Metal_Aluminum_D.uasset"
[2015.11.21-14.30.14:940][  0]LogPackFactory: Copied "../../../Samples/StarterContent/Content/StarterContent/Textures/T_Metal_Copper_D.uasset" to "../../../../../../Users/adam/Desktop/UnrealEngineProject/UnrealEngine/Group_playground/Content/StarterContent/Textures/T_Metal_Copper_D.uasset"
[2015.11.21-14.30.15:283][  0]LogPackFactory: Copied "../../../Samples/StarterContent/Content/StarterContent/Textures/T_Metal_Gold_D.uasset" to "../../../../../../Users/adam/Desktop/UnrealEngineProject/UnrealEngine/Group_playground/Content/StarterContent/Textures/T_Metal_Gold_D.uasset"
[2015.11.21-14.30.15:690][  0]LogPackFactory: Copied "../../../Samples/StarterContent/Content/StarterContent/Textures/T_Metal_Gold_N.uasset" to "../../../../../../Users/adam/Desktop/UnrealEngineProject/UnrealEngine/Group_playground/Content/StarterContent/Textures/T_Metal_Gold_N.uasset"
[2015.11.21-14.30.16:224][  0]LogPackFactory: Copied "../../../Samples/StarterContent/Content/StarterContent/Textures/T_Metal_Rust_D.uasset" to "../../../../../../Users/adam/Desktop/UnrealEngineProject/UnrealEngine/Group_playground/Content/StarterContent/Textures/T_Metal_Rust_D.uasset"
[2015.11.21-14.30.16:356][  0]LogPackFactory: Copied "../../../Samples/StarterContent/Content/StarterContent/Textures/T_Metal_Rust_N.uasset" to "../../../../../../Users/adam/Desktop/UnrealEngineProject/UnrealEngine/Group_playground/Content/StarterContent/Textures/T_Metal_Rust_N.uasset"
[2015.11.21-14.30.16:792][  0]LogPackFactory: Copied "../../../Samples/StarterContent/Content/StarterContent/Textures/T_Metal_Steel_D.uasset" to "../../../../../../Users/adam/Desktop/UnrealEngineProject/UnrealEngine/Group_playground/Content/StarterContent/Textures/T_Metal_Steel_D.uasset"
[2015.11.21-14.30.17:348][  0]LogPackFactory: Copied "../../../Samples/StarterContent/Content/StarterContent/Textures/T_Metal_Steel_N.uasset" to "../../../../../../Users/adam/Desktop/UnrealEngineProject/UnrealEngine/Group_playground/Content/StarterContent/Textures/T_Metal_Steel_N.uasset"
[2015.11.21-14.30.17:523][  0]LogPackFactory: Copied "../../../Samples/StarterContent/Content/StarterContent/Textures/T_Perlin_Noise_M.uasset" to "../../../../../../Users/adam/Desktop/UnrealEngineProject/UnrealEngine/Group_playground/Content/StarterContent/Textures/T_Perlin_Noise_M.uasset"
[2015.11.21-14.30.17:629][  0]LogPackFactory: Copied "../../../Samples/StarterContent/Content/StarterContent/Textures/T_RockMesh_M.uasset" to "../../../../../../Users/adam/Desktop/UnrealEngineProject/UnrealEngine/Group_playground/Content/StarterContent/Textures/T_RockMesh_M.uasset"
[2015.11.21-14.30.17:963][  0]LogPackFactory: Copied "../../../Samples/StarterContent/Content/StarterContent/Textures/T_RockMesh_N.uasset" to "../../../../../../Users/adam/Desktop/UnrealEngineProject/UnrealEngine/Group_playground/Content/StarterContent/Textures/T_RockMesh_N.uasset"
[2015.11.21-14.30.18:578][  0]LogPackFactory: Copied "../../../Samples/StarterContent/Content/StarterContent/Textures/T_Rock_Basalt_D.uasset" to "../../../../../../Users/adam/Desktop/UnrealEngineProject/UnrealEngine/Group_playground/Content/StarterContent/Textures/T_Rock_Basalt_D.uasset"
[2015.11.21-14.30.19:133][  0]LogPackFactory: Copied "../../../Samples/StarterContent/Content/StarterContent/Textures/T_Rock_Basalt_N.uasset" to "../../../../../../Users/adam/Desktop/UnrealEngineProject/UnrealEngine/Group_playground/Content/StarterContent/Textures/T_Rock_Basalt_N.uasset"
[2015.11.21-14.30.19:701][  0]LogPackFactory: Copied "../../../Samples/StarterContent/Content/StarterContent/Textures/T_Rock_Marble_Polished_D.uasset" to "../../../../../../Users/adam/Desktop/UnrealEngineProject/UnrealEngine/Group_playground/Content/StarterContent/Textures/T_Rock_Marble_Polished_D.uasset"
[2015.11.21-14.30.20:050][  0]LogPackFactory: Copied "../../../Samples/StarterContent/Content/StarterContent/Textures/T_Rock_Sandstone_D.uasset" to "../../../../../../Users/adam/Desktop/UnrealEngineProject/UnrealEngine/Group_playground/Content/StarterContent/Textures/T_Rock_Sandstone_D.uasset"
[2015.11.21-14.30.20:853][  0]LogPackFactory: Copied "../../../Samples/StarterContent/Content/StarterContent/Textures/T_Rock_Sandstone_N.uasset" to "../../../../../../Users/adam/Desktop/UnrealEngineProject/UnrealEngine/Group_playground/Content/StarterContent/Textures/T_Rock_Sandstone_N.uasset"
[2015.11.21-14.30.21:474][  0]LogPackFactory: Copied "../../../Samples/StarterContent/Content/StarterContent/Textures/T_Rock_Slate_D.uasset" to "../../../../../../Users/adam/Desktop/UnrealEngineProject/UnrealEngine/Group_playground/Content/StarterContent/Textures/T_Rock_Slate_D.uasset"
[2015.11.21-14.30.21:868][  0]LogPackFactory: Copied "../../../Samples/StarterContent/Content/StarterContent/Textures/T_Rock_Slate_N.uasset" to "../../../../../../Users/adam/Desktop/UnrealEngineProject/UnrealEngine/Group_playground/Content/StarterContent/Textures/T_Rock_Slate_N.uasset"
[2015.11.21-14.30.22:690][  0]LogPackFactory: Copied "../../../Samples/StarterContent/Content/StarterContent/Textures/T_Rock_Smooth_Granite_D.uasset" to "../../../../../../Users/adam/Desktop/UnrealEngineProject/UnrealEngine/Group_playground/Content/StarterContent/Textures/T_Rock_Smooth_Granite_D.uasset"
[2015.11.21-14.30.22:936][  0]LogPackFactory: Copied "../../../Samples/StarterContent/Content/StarterContent/Textures/T_Shelf_M.uasset" to "../../../../../../Users/adam/Desktop/UnrealEngineProject/UnrealEngine/Group_playground/Content/StarterContent/Textures/T_Shelf_M.uasset"
[2015.11.21-14.30.23:108][  0]LogPackFactory: Copied "../../../Samples/StarterContent/Content/StarterContent/Textures/T_Shelf_N.uasset" to "../../../../../../Users/adam/Desktop/UnrealEngineProject/UnrealEngine/Group_playground/Content/StarterContent/Textures/T_Shelf_N.uasset"
[2015.11.21-14.30.23:129][  0]LogPackFactory: Copied "../../../Samples/StarterContent/Content/StarterContent/Textures/T_Single_Tile_N.uasset" to "../../../../../../Users/adam/Desktop/UnrealEngineProject/UnrealEngine/Group_playground/Content/StarterContent/Textures/T_Single_Tile_N.uasset"
[2015.11.21-14.30.23:622][  0]LogPackFactory: Copied "../../../Samples/StarterContent/Content/StarterContent/Textures/T_Smoke_SubUV.uasset" to "../../../../../../Users/adam/Desktop/UnrealEngineProject/UnrealEngine/Group_playground/Content/StarterContent/Textures/T_Smoke_SubUV.uasset"
[2015.11.21-14.30.23:902][  0]LogPackFactory: Copied "../../../Samples/StarterContent/Content/StarterContent/Textures/T_Smoke_Tiled_D.uasset" to "../../../../../../Users/adam/Desktop/UnrealEngineProject/UnrealEngine/Group_playground/Content/StarterContent/Textures/T_Smoke_Tiled_D.uasset"
[2015.11.21-14.30.24:009][  0]LogPackFactory: Copied "../../../Samples/StarterContent/Content/StarterContent/Textures/T_Spark_Core.uasset" to "../../../../../../Users/adam/Desktop/UnrealEngineProject/UnrealEngine/Group_playground/Content/StarterContent/Textures/T_Spark_Core.uasset"
[2015.11.21-14.30.24:211][  0]LogPackFactory: Copied "../../../Samples/StarterContent/Content/StarterContent/Textures/T_Statue_M.uasset" to "../../../../../../Users/adam/Desktop/UnrealEngineProject/UnrealEngine/Group_playground/Content/StarterContent/Textures/T_Statue_M.uasset"
[2015.11.21-14.30.24:248][  0]LogPackFactory: Copied "../../../Samples/StarterContent/Content/StarterContent/Textures/T_Statue_N.uasset" to "../../../../../../Users/adam/Desktop/UnrealEngineProject/UnrealEngine/Group_playground/Content/StarterContent/Textures/T_Statue_N.uasset"
[2015.11.21-14.30.24:303][  0]LogPackFactory: Copied "../../../Samples/StarterContent/Content/StarterContent/Textures/T_TableRound_M.uasset" to "../../../../../../Users/adam/Desktop/UnrealEngineProject/UnrealEngine/Group_playground/Content/StarterContent/Textures/T_TableRound_M.uasset"
[2015.11.21-14.30.24:349][  0]LogPackFactory: Copied "../../../Samples/StarterContent/Content/StarterContent/Textures/T_TableRound_N.uasset" to "../../../../../../Users/adam/Desktop/UnrealEngineProject/UnrealEngine/Group_playground/Content/StarterContent/Textures/T_TableRound_N.uasset"
[2015.11.21-14.30.24:382][  0]LogPackFactory: Copied "../../../Samples/StarterContent/Content/StarterContent/Textures/T_Tech_Dot_M.uasset" to "../../../../../../Users/adam/Desktop/UnrealEngineProject/UnrealEngine/Group_playground/Content/StarterContent/Textures/T_Tech_Dot_M.uasset"
[2015.11.21-14.30.24:440][  0]LogPackFactory: Copied "../../../Samples/StarterContent/Content/StarterContent/Textures/T_Tech_Dot_N.uasset" to "../../../../../../Users/adam/Desktop/UnrealEngineProject/UnrealEngine/Group_playground/Content/StarterContent/Textures/T_Tech_Dot_N.uasset"
[2015.11.21-14.30.24:465][  0]LogPackFactory: Copied "../../../Samples/StarterContent/Content/StarterContent/Textures/T_Tech_Hex_Tile_M.uasset" to "../../../../../../Users/adam/Desktop/UnrealEngineProject/UnrealEngine/Group_playground/Content/StarterContent/Textures/T_Tech_Hex_Tile_M.uasset"
[2015.11.21-14.30.24:729][  0]LogPackFactory: Copied "../../../Samples/StarterContent/Content/StarterContent/Textures/T_Tech_Hex_Tile_N.uasset" to "../../../../../../Users/adam/Desktop/UnrealEngineProject/UnrealEngine/Group_playground/Content/StarterContent/Textures/T_Tech_Hex_Tile_N.uasset"
[2015.11.21-14.30.25:030][  0]LogPackFactory: Copied "../../../Samples/StarterContent/Content/StarterContent/Textures/T_Tech_Panel_M.uasset" to "../../../../../../Users/adam/Desktop/UnrealEngineProject/UnrealEngine/Group_playground/Content/StarterContent/Textures/T_Tech_Panel_M.uasset"
[2015.11.21-14.30.25:396][  0]LogPackFactory: Copied "../../../Samples/StarterContent/Content/StarterContent/Textures/T_Tech_Panel_N.uasset" to "../../../../../../Users/adam/Desktop/UnrealEngineProject/UnrealEngine/Group_playground/Content/StarterContent/Textures/T_Tech_Panel_N.uasset"
[2015.11.21-14.30.25:631][  0]LogPackFactory: Copied "../../../Samples/StarterContent/Content/StarterContent/Textures/T_Water_M.uasset" to "../../../../../../Users/adam/Desktop/UnrealEngineProject/UnrealEngine/Group_playground/Content/StarterContent/Textures/T_Water_M.uasset"
[2015.11.21-14.30.25:717][  0]LogPackFactory: Copied "../../../Samples/StarterContent/Content/StarterContent/Textures/T_Water_N.uasset" to "../../../../../../Users/adam/Desktop/UnrealEngineProject/UnrealEngine/Group_playground/Content/StarterContent/Textures/T_Water_N.uasset"
[2015.11.21-14.30.25:802][  0]LogPackFactory: Copied "../../../Samples/StarterContent/Content/StarterContent/Textures/T_Wood_Floor_Walnut_D.uasset" to "../../../../../../Users/adam/Desktop/UnrealEngineProject/UnrealEngine/Group_playground/Content/StarterContent/Textures/T_Wood_Floor_Walnut_D.uasset"
[2015.11.21-14.30.26:218][  0]LogPackFactory: Copied "../../../Samples/StarterContent/Content/StarterContent/Textures/T_Wood_Floor_Walnut_M.uasset" to "../../../../../../Users/adam/Desktop/UnrealEngineProject/UnrealEngine/Group_playground/Content/StarterContent/Textures/T_Wood_Floor_Walnut_M.uasset"
[2015.11.21-14.30.26:608][  0]LogPackFactory: Copied "../../../Samples/StarterContent/Content/StarterContent/Textures/T_Wood_Floor_Walnut_N.uasset" to "../../../../../../Users/adam/Desktop/UnrealEngineProject/UnrealEngine/Group_playground/Content/StarterContent/Textures/T_Wood_Floor_Walnut_N.uasset"
[2015.11.21-14.30.26:953][  0]LogPackFactory: Copied "../../../Samples/StarterContent/Content/StarterContent/Textures/T_Wood_Oak_D.uasset" to "../../../../../../Users/adam/Desktop/UnrealEngineProject/UnrealEngine/Group_playground/Content/StarterContent/Textures/T_Wood_Oak_D.uasset"
[2015.11.21-14.30.27:050][  0]LogPackFactory: Copied "../../../Samples/StarterContent/Content/StarterContent/Textures/T_Wood_Oak_N.uasset" to "../../../../../../Users/adam/Desktop/UnrealEngineProject/UnrealEngine/Group_playground/Content/StarterContent/Textures/T_Wood_Oak_N.uasset"
[2015.11.21-14.30.27:257][  0]LogPackFactory: Copied "../../../Samples/StarterContent/Content/StarterContent/Textures/T_Wood_Pine_D.uasset" to "../../../../../../Users/adam/Desktop/UnrealEngineProject/UnrealEngine/Group_playground/Content/StarterContent/Textures/T_Wood_Pine_D.uasset"
[2015.11.21-14.30.27:580][  0]LogPackFactory: Copied "../../../Samples/StarterContent/Content/StarterContent/Textures/T_Wood_Pine_N.uasset" to "../../../../../../Users/adam/Desktop/UnrealEngineProject/UnrealEngine/Group_playground/Content/StarterContent/Textures/T_Wood_Pine_N.uasset"
[2015.11.21-14.30.28:366][  0]LogPackFactory: Copied "../../../Samples/StarterContent/Content/StarterContent/Textures/T_Wood_Walnut_D.uasset" to "../../../../../../Users/adam/Desktop/UnrealEngineProject/UnrealEngine/Group_playground/Content/StarterContent/Textures/T_Wood_Walnut_D.uasset"
[2015.11.21-14.30.28:461][  0]LogPackFactory: Copied "../../../Samples/StarterContent/Content/StarterContent/Textures/T_Wood_Walnut_N.uasset" to "../../../../../../Users/adam/Desktop/UnrealEngineProject/UnrealEngine/Group_playground/Content/StarterContent/Textures/T_Wood_Walnut_N.uasset"
[2015.11.21-14.30.29:876][  0]LogRenderer: Reallocating scene render targets to support 256x256 (Frame:2).
[2015.11.21-14.30.30:977][  0]LogSavePackage: Save=53.129093ms
[2015.11.21-14.30.30:978][  0]LogSavePackage: Moving '../../../../../../Users/adam/Desktop/UnrealEngineProject/UnrealEngine/Group_playground/Saved/Floor_400x40081A7C4604DEA3356C8A5BF981A82BEEC.tmp' to '../../../../../../Users/adam/Desktop/UnrealEngineProject/UnrealEngine/Group_playground/Content/StarterContent/Architecture/Floor_400x400.uasset'
[2015.11.21-14.30.31:000][  0]LogSavePackage: Total save time: 83.049189ms
[2015.11.21-14.30.31:001][  0]LogSavePackage:Warning: Finished SavePackage ../../../../../../Users/adam/Desktop/UnrealEngineProject/UnrealEngine/Group_playground/Content/StarterContent/Architecture/Floor_400x400.uasset
[2015.11.21-14.30.31:001][  0]LogFeaturePack:Warning: Inserted 1 feature packs
[2015.11.21-14.30.31:007][  0]Cmd: MAP LOAD FILE="../../../../../../Users/adam/Desktop/UnrealEngineProject/UnrealEngine/Group_playground/Content/FirstPersonBP/Maps/FirstPersonExampleMap.umap" TEMPLATE=0 SHOWPROGRESS=1 FEATURELEVEL=3
[2015.11.21-14.30.31:008][  0]LightingResults: New page: Lighting Build
[2015.11.21-14.30.31:019][  0]MapCheck: New page: Map Check
[2015.11.21-14.30.31:019][  0]LightingResults: New page: Lighting Build
[2015.11.21-14.30.31:058][  0]LogParticles: Destroying 0 GPU particle simulations for FXSystem 0x0000004CED6F3CE0
[2015.11.21-14.30.31:885][  0]LogLinker:Warning: Asset '../../../../../../Users/adam/Desktop/UnrealEngineProject/UnrealEngine/Group_playground/Content/FirstPersonBP/Blueprints/FirstPersonProjectile.uasset' has been saved with empty engine version. The asset will be loaded but may be incompatible.
[2015.11.21-14.30.31:892][  0]LogLinker:Warning: Asset '../../../../../../Users/adam/Desktop/UnrealEngineProject/UnrealEngine/Group_playground/Content/FirstPerson/Meshes/FirstPersonProjectileMesh.uasset' has been saved with empty engine version. The asset will be loaded but may be incompatible.
[2015.11.21-14.30.37:327][  0]LogAIModule: Creating AISystem for world FirstPersonExampleMap
[2015.11.21-14.30.37:696][  0]LogEditorServer: Finished looking for orphan Actors (0.000 secs)
[2015.11.21-14.30.37:697][  0]Cmd: MAP CHECKDEP NOCLEARLOG
[2015.11.21-14.30.37:870][  0]MapCheck: Info Map check complete: 0 Error(s), 0 Warning(s), took 173.171ms to complete.
[2015.11.21-14.30.37:871][  0]LogFileHelpers: Loading map 'FirstPersonExampleMap' took 6.865
[2015.11.21-14.30.38:050][  0]LogCollectionManager: Loaded 0 collections in 0.006714 seconds
[2015.11.21-14.30.38:130][  0]LogFileCache: Scanning file cache for directory 'C:/Users/adam/Desktop/UnrealEngineProject/UnrealEngine/Group_playground/Saved/Collections/' took 0.01s
[2015.11.21-14.30.38:130][  0]LogFileCache: Scanning file cache for directory 'C:/Users/adam/Desktop/UnrealEngineProject/UnrealEngine/Group_playground/Content/Developers/adam/Collections/' took 0.01s
[2015.11.21-14.30.38:130][  0]LogFileCache: Scanning file cache for directory 'C:/Users/adam/Desktop/UnrealEngineProject/UnrealEngine/Group_playground/Content/Collections/' took 0.01s
[2015.11.21-14.30.38:130][  0]LogContentBrowser: Native class hierarchy populated in 0.0249 seconds. Added 1867 classes and 333 folders.
[2015.11.21-14.30.38:143][  0]LogCollectionManager: Rebuilt the GUID cache for 0 collections in 0.000006 seconds
[2015.11.21-14.30.38:166][  0]LogContentBrowser: Native class hierarchy updated for 'WidgetCarousel' in 0.0012 seconds. Added 0 classes and 0 folders.
[2015.11.21-14.30.38:314][  0]LogContentBrowser: Native class hierarchy updated for 'AddContentDialog' in 0.0010 seconds. Added 0 classes and 0 folders.
[2015.11.21-14.30.38:653][  0]LogContentBrowser: Native class hierarchy updated for 'SceneOutliner' in 0.0014 seconds. Added 1 classes and 2 folders.
[2015.11.21-14.30.38:844][  0]LogCrashTracker: Crashtracker disabled due to settings.
[2015.11.21-14.30.38:895][  0]LogUObjectGlobals:Warning: Failed to find object 'Class None.'
[2015.11.21-14.30.38:920][  0]LogLoad: Full Startup: 84.81 seconds (BP compile: 0.77 seconds)
[2015.11.21-14.30.38:962][  0]LoadErrors:Error: Error /Game/FirstPersonBP/Maps/FirstPersonExampleMap : Failed import for SkeletalMeshComponent /Game/FirstPersonBP/Blueprints/FirstPersonCharacter.FirstPersonCharacter_C:SkeletalMesh_GEN_VARIABLE
[2015.11.21-14.30.40:095][  0]LogContentStreaming: Texture pool size now 1000 MB
[2015.11.21-14.30.40:908][  0]LogRenderer: Reallocating scene render targets to support 864x724 (Frame:3).
[2015.11.21-14.30.42:887][ 12]LogAssetRegistry: Asset discovery search completed in 75.9304 seconds
[2015.11.21-14.30.42:888][ 12]LogCollectionManager: Rebuilt the object cache for 0 collections in 0.000002 seconds (found 0 objects)
[2015.11.21-14.30.42:888][ 12]LogCollectionManager: Fixed up redirectors for 0 collections in 0.000082 seconds (updated 0 objects)
[2015.11.21-14.30.56: